[2023-05-14 23:53:27] START
[2023-05-14 23:54:19] EDIT gmsv/models/menu.py: -94
[2023-05-14 23:55:00] EDIT gmsv/views/layout.html: 0
[2023-05-14 23:55:05] EDIT gmsv/views/layout.html: 0
[2023-05-14 23:55:13] EDIT gmsv/controllers/default.py: -1
[2023-05-14 23:55:52] EDIT gmsv/views/default/index.html: -41
[2023-05-14 23:56:16] CREATE acs_empresa.py: 0
[2023-05-14 23:58:49] EDIT gmsv/models/db.py: 19
[2023-05-14 23:59:30] CREATE db1.py: 0
[2023-05-15 00:04:41] EDIT gmsv/models/db1.py: 18
[2023-05-15 00:05:10] EDIT gmsv/models/db1.py: 0
[2023-05-15 00:12:27] EDIT gmsv/models/db.py: 20
[2023-05-15 00:12:34] EDIT gmsv/models/db.py: 0
[2023-05-15 00:12:40] EDIT gmsv/models/db.py: 0
[2023-05-15 00:12:55] EDIT gmsv/models/db1.py: -18
[2023-05-15 00:13:19] EDIT gmsv/models/db.py: 0
[2023-05-15 00:41:46] EDIT gmsv/models/db1.py: 47
[2023-05-15 00:44:19] EDIT gmsv/models/db1.py: 12
[2023-05-15 00:56:58] CREATE validadores.py: 0
[2023-05-15 00:59:11] EDIT gmsv/models/validadores.py: 30
[2023-05-15 01:00:18] EDIT gmsv/models/validadores.py: 17
[2023-05-15 01:00:31] EDIT gmsv/models/validadores.py: 15
[2023-05-15 01:01:33] EDIT gmsv/models/db1.py: 15
[2023-05-15 01:03:10] EDIT gmsv/models/db1.py: 0
[2023-05-15 01:03:41] CREATE db2.py: 0
[2023-05-15 01:47:49] EDIT gmsv/models/db.py: 0
[2023-05-16 02:30:40] CREATE dicionario.py: 0
[2023-05-16 02:30:58] EDIT gmsv/models/dicionario.py: 8
[2023-05-16 02:41:05] EDIT gmsv/models/db2.py: 20
[2023-05-16 02:56:27] EDIT gmsv/models/db2.py: 16
[2023-05-16 03:02:52] EDIT gmsv/models/db2.py: 6
[2023-05-16 03:06:26] CREATE validadores_registro.py: 0
[2023-05-16 03:30:52] EDIT gmsv/models/validadores_registro.py: 417
[2023-05-16 03:30:54] EDIT gmsv/models/validadores_registro.py: 0
[2023-05-16 03:32:15] EDIT gmsv/models/validadores_registro.py: 11
[2023-05-16 03:32:16] EDIT gmsv/models/validadores_registro.py: 0
[2023-05-16 03:33:34] EDIT gmsv/models/validadores_registro.py: 0
[2023-05-16 04:49:13] EDIT gmsv/controllers/acs_empresa.py: 45
[2023-05-16 04:49:51] EDIT gmsv/controllers/acs_empresa.py: 0
[2023-05-16 04:50:22] CREATE acs_empresa/index.html: 0
[2023-05-16 04:53:29] EDIT gmsv/views/acs_empresa/index.html: 44
[2023-05-16 04:54:52] EDIT gmsv/models/dicionario.py: 0
[2023-05-16 04:55:07] EDIT gmsv/views/acs_empresa/index.html: 2
[2023-05-16 04:55:41] EDIT gmsv/views/acs_empresa/index.html: 0
[2023-05-16 04:57:37] EDIT gmsv/views/acs_empresa/index.html: 0
[2023-05-16 04:58:00] EDIT gmsv/views/acs_empresa/index.html: 0
[2023-05-16 04:58:52] EDIT gmsv/views/acs_empresa/index.html: 0
[2023-05-16 04:59:42] EDIT gmsv/views/acs_empresa/index.html: -2
[2023-05-16 05:00:04] EDIT gmsv/views/acs_empresa/index.html: -13
[2023-05-16 05:00:13] EDIT gmsv/views/acs_empresa/index.html: 0
[2023-05-16 05:00:25] EDIT gmsv/views/acs_empresa/index.html: 0
[2023-05-16 05:00:45] EDIT gmsv/views/acs_empresa/index.html: 0
[2023-05-16 05:01:01] EDIT gmsv/views/acs_empresa/index.html: 0
[2023-05-16 05:01:53] EDIT gmsv/views/acs_empresa/index.html: 0
[2023-05-16 05:02:06] EDIT gmsv/views/acs_empresa/index.html: 0
[2023-05-16 05:18:50] EDIT gmsv/views/acs_empresa/index.html: 11
[2023-05-16 05:18:59] EDIT gmsv/views/acs_empresa/index.html: 0
[2023-05-16 05:20:46] EDIT gmsv/views/acs_empresa/index.html: 22
[2023-05-16 05:22:15] CREATE acs_cliente.py: 0
[2023-05-16 05:36:22] EDIT gmsv/models/db.py: 1
[2023-05-16 05:36:56] EDIT gmsv/controllers/acs_cliente.py: 56
[2023-05-16 05:37:11] CREATE acs_cliente/index.html: 0
[2023-05-16 05:38:13] EDIT gmsv/views/acs_cliente/index.html: 190
[2023-05-16 05:41:13] EDIT gmsv/views/acs_cliente/index.html: 27
[2023-05-16 05:42:29] EDIT gmsv/views/acs_cliente/index.html: 0
[2023-05-16 05:42:52] EDIT gmsv/views/acs_cliente/index.html: 0
[2023-05-16 05:45:22] EDIT gmsv/views/acs_cliente/index.html: 5
[2023-05-16 05:45:34] EDIT gmsv/views/acs_cliente/index.html: 0
[2023-05-16 05:47:05] EDIT gmsv/views/acs_cliente/index.html: 4
[2023-05-16 05:47:14] EDIT gmsv/views/acs_cliente/index.html: -192
[2023-05-16 05:48:09] EDIT gmsv/views/acs_cliente/index.html: 0
[2023-05-16 05:48:24] EDIT gmsv/views/acs_cliente/index.html: 0
[2023-05-16 05:50:10] EDIT gmsv/views/acs_cliente/index.html: 9
[2023-05-16 05:50:26] EDIT gmsv/views/acs_cliente/index.html: 0
[2023-05-16 05:50:38] EDIT gmsv/views/acs_cliente/index.html: 0
[2023-05-16 05:51:21] EDIT gmsv/views/acs_cliente/index.html: 3
[2023-05-16 05:52:23] EDIT gmsv/views/acs_empresa/index.html: 0
[2023-05-16 05:52:41] EDIT gmsv/views/acs_empresa/index.html: 0
[2023-05-16 05:53:24] EDIT gmsv/views/acs_empresa/index.html: 0
[2023-05-16 05:55:15] EDIT gmsv/views/acs_empresa/index.html: 0
[2023-05-16 05:55:28] CREATE acs_usuario.py: 0
[2023-05-16 05:55:41] EDIT gmsv/controllers/acs_usuario.py: 95
[2023-05-16 05:55:51] CREATE acs_usuario/index.html: 0
[2023-05-16 05:56:11] EDIT gmsv/views/acs_usuario/index.html: 46
[2023-05-16 05:56:21] EDIT gmsv/views/acs_usuario/index.html: 0
[2023-05-16 05:57:01] EDIT gmsv/views/acs_usuario/index.html: 0
[2023-05-16 05:57:02] EDIT gmsv/views/acs_usuario/index.html: 0
[2023-05-16 05:57:17] EDIT gmsv/views/acs_usuario/index.html: 0
[2023-05-16 05:57:32] EDIT gmsv/views/acs_usuario/index.html: 0
[2023-05-16 05:58:24] EDIT gmsv/views/acs_usuario/index.html: 1
[2023-05-16 05:59:24] EDIT gmsv/models/db.py: 0
[2023-05-16 05:59:46] EDIT gmsv/views/acs_usuario/index.html: 0
[2023-05-16 05:59:52] EDIT gmsv/views/acs_cliente/index.html: 0
[2023-05-16 06:00:52] EDIT gmsv/views/acs_cliente/index.html: 1
[2023-05-16 06:00:54] EDIT gmsv/views/acs_cliente/index.html: 0
[2023-05-16 06:02:58] EDIT gmsv/models/menu.py: 7
[2023-05-16 06:03:15] EDIT gmsv/models/menu.py: 0
[2023-05-16 06:03:37] CREATE acs_sistema.py: 0
[2023-05-16 06:05:28] EDIT gmsv/controllers/acs_sistema.py: 56
[2023-05-16 06:05:39] EDIT gmsv/controllers/acs_sistema.py: 0
[2023-05-16 06:06:19] EDIT gmsv/models/db1.py: 1
[2023-05-16 06:06:35] CREATE acs_sistema/index.html: 0
[2023-05-16 06:07:17] EDIT gmsv/views/acs_sistema/index.html: 47
[2023-05-16 06:09:17] EDIT gmsv/views/acs_sistema/index.html: 0
[2023-05-16 06:09:32] EDIT gmsv/views/acs_sistema/index.html: 0
[2023-05-16 06:09:51] EDIT gmsv/views/acs_sistema/index.html: 2
[2023-05-16 06:59:56] CREATE acs_registro_atividade.py: 0
[2023-05-16 07:01:07] EDIT gmsv/views/acs_empresa/index.html: 0
[2023-05-16 07:01:40] EDIT gmsv/views/acs_empresa/index.html: 0
[2023-05-16 07:05:23] EDIT gmsv/controllers/acs_usuario.py: 0
[2023-05-16 07:06:47] EDIT gmsv/controllers/acs_registro_atividade.py: 28
[2023-05-16 07:07:35] EDIT gmsv/models/db2.py: 0
[2023-05-16 07:07:41] EDIT gmsv/models/db2.py: -5
[2023-05-16 07:07:56] CREATE acs_registro_atividade/index.html: 0
[2023-05-16 07:08:24] EDIT gmsv/views/acs_registro_atividade/index.html: 47
[2023-05-16 07:08:37] EDIT gmsv/views/acs_registro_atividade/index.html: 0
[2023-05-16 07:10:02] EDIT gmsv/controllers/acs_registro_atividade.py: 16
[2023-05-16 07:10:32] EDIT gmsv/views/acs_registro_atividade/index.html: 0
[2023-05-16 07:10:40] EDIT gmsv/controllers/acs_registro_atividade.py: 0
[2023-05-16 07:12:45] EDIT gmsv/controllers/acs_registro_atividade.py: 15
[2023-05-16 07:13:34] EDIT gmsv/models/db2.py: 0
[2023-05-16 07:15:54] EDIT gmsv/models/dicionario.py: 5
[2023-05-16 07:16:07] EDIT gmsv/models/dicionario.py: 0
[2023-05-16 07:16:42] EDIT gmsv/models/dicionario.py: 1
[2023-05-16 07:16:51] EDIT gmsv/models/dicionario.py: 0
[2023-05-16 07:16:57] EDIT gmsv/models/dicionario.py: 0
[2023-05-16 07:17:00] EDIT gmsv/models/dicionario.py: 0
[2023-05-16 07:17:05] EDIT gmsv/models/dicionario.py: 0
[2023-05-16 07:17:39] EDIT gmsv/controllers/acs_registro_atividade.py: 1
[2023-05-16 07:18:15] EDIT gmsv/controllers/acs_registro_atividade.py: 1
[2023-05-16 07:18:58] EDIT gmsv/models/dicionario.py: 1
[2023-05-16 07:19:36] EDIT gmsv/controllers/acs_registro_atividade.py: 1
[2023-05-16 07:19:50] EDIT gmsv/controllers/acs_registro_atividade.py: 0
[2023-05-16 07:20:30] EDIT gmsv/models/validadores_registro.py: 1
[2023-05-16 07:20:51] EDIT gmsv/models/validadores_registro.py: 0
[2023-05-16 07:21:01] EDIT gmsv/models/validadores_registro.py: 0
[2023-05-16 07:21:08] EDIT gmsv/models/validadores_registro.py: 0
[2023-05-16 07:21:20] EDIT gmsv/models/validadores_registro.py: 0
[2023-05-16 07:21:33] EDIT gmsv/models/validadores_registro.py: 0
[2023-05-16 07:21:41] EDIT gmsv/models/validadores_registro.py: 0
[2023-05-16 07:22:38] EDIT gmsv/models/validadores_registro.py: 0
[2023-05-16 07:22:59] EDIT gmsv/controllers/acs_registro_atividade.py: 0
[2023-05-16 07:23:19] EDIT gmsv/controllers/acs_registro_atividade.py: 0
[2023-05-16 07:23:28] EDIT gmsv/models/validadores_registro.py: 0
[2023-05-16 07:24:03] EDIT gmsv/controllers/acs_registro_atividade.py: 0
[2023-05-16 07:24:11] EDIT gmsv/controllers/acs_registro_atividade.py: 0
[2023-05-16 07:24:11] EDIT gmsv/controllers/acs_registro_atividade.py: 0
[2023-05-16 07:24:54] EDIT gmsv/models/validadores_registro.py: 0
[2023-05-16 07:26:05] EDIT gmsv/models/validadores_registro.py: 0
[2023-05-16 07:26:17] EDIT gmsv/controllers/acs_registro_atividade.py: 0
[2023-05-16 07:28:15] EDIT gmsv/controllers/acs_registro_atividade.py: 1
[2023-05-16 07:29:06] EDIT gmsv/controllers/acs_registro_atividade.py: 1
[2023-05-16 07:29:24] EDIT gmsv/controllers/acs_registro_atividade.py: 0
[2023-05-16 07:31:29] EDIT gmsv/views/acs_registro_atividade/index.html: 1
[2023-05-16 07:32:06] EDIT gmsv/views/acs_registro_atividade/index.html: 2
[2023-05-16 07:32:16] EDIT gmsv/views/acs_registro_atividade/index.html: -1
[2023-05-16 07:32:37] EDIT gmsv/views/acs_registro_atividade/index.html: 0
[2023-05-16 07:32:49] EDIT gmsv/views/acs_registro_atividade/index.html: 0
[2023-05-16 07:32:55] EDIT gmsv/views/acs_registro_atividade/index.html: 0
[2023-05-16 07:33:47] EDIT gmsv/views/acs_registro_atividade/index.html: 0
[2023-05-16 07:34:17] EDIT gmsv/controllers/acs_registro_atividade.py: 1
[2023-05-16 07:34:33] EDIT gmsv/models/dicionario.py: 0
[2023-05-16 07:34:39] EDIT gmsv/controllers/acs_registro_atividade.py: 0
[2023-05-16 07:34:50] EDIT gmsv/views/acs_registro_atividade/index.html: 0
[2023-05-16 07:34:54] EDIT gmsv/views/acs_registro_atividade/index.html: 0
[2023-05-16 07:35:23] EDIT gmsv/views/acs_registro_atividade/index.html: 0
[2023-05-16 07:38:01] EDIT gmsv/controllers/acs_registro_atividade.py: 1
[2023-05-16 07:39:43] EDIT gmsv/models/validadores_registro.py: -6
[2023-05-17 00:35:49] EDIT gmsv/models/validadores_registro.py: -1
[2023-05-17 00:38:16] EDIT gmsv/models/dicionario.py: 1
[2023-05-17 00:38:21] EDIT gmsv/models/dicionario.py: 0
[2023-05-17 00:38:40] EDIT gmsv/models/dicionario.py: 0
[2023-05-17 00:38:48] EDIT gmsv/models/dicionario.py: 0
[2023-05-17 00:39:31] EDIT gmsv/models/dicionario.py: 1
[2023-05-17 00:40:23] EDIT gmsv/models/dicionario.py: -1
[2023-05-17 00:41:24] EDIT gmsv/models/validadores_registro.py: 0
[2023-05-17 00:43:41] CREATE funcoes.py: 0
[2023-05-17 00:51:00] EDIT gmsv/models/funcoes.py: 11
[2023-05-17 00:51:39] EDIT gmsv/controllers/acs_registro_atividade.py: 2
[2023-05-17 00:52:02] EDIT gmsv/models/funcoes.py: 0
[2023-05-17 00:54:23] EDIT gmsv/models/funcoes.py: 2
[2023-05-17 00:56:32] EDIT gmsv/models/validadores_registro.py: -2
[2023-05-17 00:56:53] EDIT gmsv/models/validadores_registro.py: 0
[2023-05-17 01:00:21] EDIT gmsv/models/validadores_registro.py: 1
[2023-05-17 01:01:12] EDIT gmsv/models/validadores_registro.py: 1
[2023-05-17 01:03:41] EDIT gmsv/models/validadores_registro.py: 0
[2023-05-17 01:05:23] EDIT gmsv/models/db2.py: 0
[2023-05-17 01:06:01] EDIT gmsv/models/validadores_registro.py: 0
[2023-05-17 01:08:22] EDIT gmsv/models/validadores_registro.py: 1
[2023-05-17 01:10:17] EDIT gmsv/models/validadores_registro.py: 0
[2023-05-17 01:10:56] EDIT gmsv/models/validadores_registro.py: 1
[2023-05-17 01:11:24] EDIT gmsv/models/validadores_registro.py: 1
[2023-05-17 01:11:29] EDIT gmsv/models/validadores_registro.py: 0
[2023-05-17 01:11:57] EDIT gmsv/models/validadores_registro.py: 1
[2023-05-17 01:13:12] EDIT gmsv/models/validadores_registro.py: 1
[2023-05-17 01:16:50] EDIT gmsv/controllers/acs_registro_atividade.py: 1
[2023-05-17 01:17:10] EDIT gmsv/controllers/acs_registro_atividade.py: 0
[2023-05-17 01:17:49] EDIT gmsv/controllers/acs_registro_atividade.py: 0
[2023-05-17 01:19:30] EDIT gmsv/models/db.py: 1
[2023-05-17 01:22:21] EDIT gmsv/models/funcoes.py: 6
[2023-05-17 01:22:33] EDIT gmsv/models/funcoes.py: 0
[2023-05-17 01:22:35] EDIT gmsv/models/funcoes.py: 0
[2023-05-17 01:22:40] EDIT gmsv/models/funcoes.py: 0
[2023-05-17 01:23:15] EDIT gmsv/controllers/acs_registro_atividade.py: 1
[2023-05-17 01:24:01] EDIT gmsv/controllers/acs_registro_atividade.py: 0
[2023-05-17 01:24:38] EDIT gmsv/models/funcoes.py: 1
[2023-05-17 01:25:10] EDIT gmsv/models/funcoes.py: 0
[2023-05-17 01:25:28] EDIT gmsv/models/funcoes.py: 0
[2023-05-17 01:25:54] EDIT gmsv/models/funcoes.py: 0
[2023-05-17 01:27:22] EDIT gmsv/models/funcoes.py: 0
[2023-05-17 01:31:53] EDIT gmsv/models/validadores_registro.py: 1
[2023-05-17 01:32:56] EDIT gmsv/models/db2.py: 2
[2023-05-17 01:34:25] EDIT gmsv/models/validadores_registro.py: 1
[2023-05-17 01:36:12] EDIT gmsv/controllers/acs_registro_atividade.py: 0
[2023-05-17 01:36:24] EDIT gmsv/controllers/acs_registro_atividade.py: 1
[2023-05-17 01:36:34] EDIT gmsv/controllers/acs_registro_atividade.py: 1
[2023-05-17 01:39:51] EDIT gmsv/models/validadores_registro.py: 1
[2023-05-17 01:40:29] EDIT gmsv/models/validadores_registro.py: 0
[2023-05-17 01:41:20] EDIT gmsv/controllers/acs_registro_atividade.py: 0
[2023-05-17 01:41:46] EDIT gmsv/controllers/acs_registro_atividade.py: 0
[2023-05-17 01:42:40] EDIT gmsv/controllers/acs_registro_atividade.py: 0
[2023-05-17 01:43:48] EDIT gmsv/models/validadores_registro.py: -2
[2023-05-17 01:45:38] EDIT gmsv/models/validadores_registro.py: 1
[2023-05-17 01:50:19] EDIT gmsv/models/validadores_registro.py: 0
[2023-05-17 01:51:10] EDIT gmsv/models/validadores_registro.py: 1
[2023-05-17 01:51:14] EDIT gmsv/models/validadores_registro.py: 0
[2023-05-17 01:51:53] EDIT gmsv/models/validadores_registro.py: 1
[2023-05-17 01:52:03] EDIT gmsv/models/validadores_registro.py: 0
[2023-05-17 01:52:47] EDIT gmsv/models/validadores_registro.py: 1
[2023-05-17 01:53:18] EDIT gmsv/models/validadores_registro.py: 1
[2023-05-17 01:54:41] EDIT gmsv/models/validadores_registro.py: 1
[2023-05-17 01:54:50] EDIT gmsv/models/validadores_registro.py: 0
[2023-05-17 01:55:07] EDIT gmsv/models/validadores_registro.py: 0
[2023-05-17 01:56:51] EDIT gmsv/models/validadores_registro.py: -2
[2023-05-17 01:59:24] EDIT gmsv/models/validadores_registro.py: 1
[2023-05-17 02:00:16] EDIT gmsv/models/validadores_registro.py: 1
[2023-05-17 02:00:34] EDIT gmsv/models/validadores_registro.py: 1
[2023-05-17 02:00:43] EDIT gmsv/models/validadores_registro.py: 0
[2023-05-17 02:01:12] EDIT gmsv/models/validadores_registro.py: 1
[2023-05-17 02:02:17] EDIT gmsv/controllers/acs_registro_atividade.py: 2
[2023-05-17 02:02:52] EDIT gmsv/models/validadores_registro.py: 1
[2023-05-17 02:03:08] EDIT gmsv/models/validadores_registro.py: 0
[2023-05-17 02:03:17] EDIT gmsv/models/validadores_registro.py: 0
[2023-05-17 02:04:26] EDIT gmsv/models/validadores_registro.py: -2
[2023-05-17 02:10:25] EDIT gmsv/models/validadores_registro.py: 0
[2023-05-17 02:11:32] EDIT gmsv/models/validadores_registro.py: 3
[2023-05-17 02:12:52] EDIT gmsv/models/validadores_registro.py: -1
[2023-05-17 02:15:48] EDIT gmsv/models/validadores_registro.py: 0
[2023-05-17 02:16:14] EDIT gmsv/models/validadores_registro.py: 1
[2023-05-17 02:16:49] EDIT gmsv/models/validadores_registro.py: 0
[2023-05-17 02:18:30] EDIT gmsv/models/validadores_registro.py: 0
[2023-05-17 02:19:57] EDIT gmsv/models/validadores_registro.py: 3
[2023-05-17 02:25:18] EDIT gmsv/models/validadores_registro.py: -1
[2023-05-17 02:27:07] EDIT gmsv/models/validadores_registro.py: 1
[2023-05-17 02:29:08] EDIT gmsv/models/validadores_registro.py: 0
[2023-05-17 02:32:44] EDIT gmsv/models/validadores_registro.py: 1
[2023-05-17 02:34:12] EDIT gmsv/models/validadores_registro.py: 1
[2023-05-17 02:35:44] EDIT gmsv/models/validadores_registro.py: 1
[2023-05-17 02:36:23] EDIT gmsv/models/validadores_registro.py: 1
[2023-05-17 02:40:38] EDIT gmsv/models/validadores_registro.py: 6
[2023-05-17 02:41:58] EDIT gmsv/models/validadores_registro.py: 4
[2023-05-17 02:42:56] EDIT gmsv/models/validadores_registro.py: 1
[2023-05-17 02:44:42] EDIT gmsv/models/validadores_registro.py: -1
[2023-05-17 02:46:30] EDIT gmsv/models/validadores_registro.py: 0
[2023-05-17 02:47:11] EDIT gmsv/models/validadores_registro.py: 1
[2023-05-17 02:48:20] EDIT gmsv/models/validadores_registro.py: 1
[2023-05-17 03:06:39] EDIT gmsv/models/db2.py: 24
[2023-05-17 03:16:07] EDIT gmsv/views/acs_empresa/index.html: 17
[2023-05-17 03:16:30] EDIT gmsv/views/default/index.html: 17
[2023-05-17 14:48:07] EDIT gmsv/controllers/acs_sistema.py: 2
[2023-05-17 14:48:37] EDIT gmsv/controllers/acs_sistema.py: 1
[2023-05-17 14:48:52] EDIT gmsv/controllers/acs_sistema.py: 0
[2023-05-17 14:49:22] EDIT gmsv/controllers/acs_sistema.py: 0
[2023-05-17 14:51:12] EDIT gmsv/views/acs_sistema/index.html: 0
[2023-05-17 14:51:55] EDIT gmsv/controllers/acs_sistema.py: 6
[2023-05-17 14:52:06] CREATE acs_sistema/analise.html: 0
[2023-05-17 14:55:00] EDIT gmsv/views/acs_sistema/analise.html: 44
[2023-05-17 14:55:25] EDIT gmsv/views/acs_sistema/analise.html: 0
[2023-05-17 14:55:47] EDIT gmsv/views/acs_sistema/analise.html: 0
[2023-05-17 14:56:10] EDIT gmsv/views/acs_sistema/analise.html: -6
[2023-05-17 16:35:32] EDIT gmsv/views/acs_sistema/analise.html: 0
[2023-05-17 16:37:01] EDIT gmsv/models/validadores.py: 0
[2023-05-17 16:37:44] EDIT gmsv/models/validadores.py: 0
[2023-05-17 16:38:20] EDIT gmsv/views/acs_sistema/analise.html: 2
[2023-05-17 16:39:15] EDIT gmsv/views/acs_sistema/analise.html: -1
[2023-05-17 16:40:24] EDIT gmsv/views/acs_sistema/analise.html: 1
[2023-05-17 16:40:54] EDIT gmsv/views/acs_sistema/analise.html: 0
[2023-05-17 16:41:07] EDIT gmsv/views/acs_sistema/analise.html: 0
[2023-05-17 16:41:32] EDIT gmsv/views/acs_sistema/analise.html: 0
[2023-05-17 16:41:38] EDIT gmsv/views/acs_sistema/analise.html: 0
[2023-05-17 16:41:52] EDIT gmsv/views/acs_sistema/analise.html: 0
[2023-05-17 16:42:00] EDIT gmsv/views/acs_sistema/analise.html: 0
[2023-05-17 16:49:08] EDIT gmsv/views/acs_sistema/analise.html: 2
[2023-05-17 16:49:36] EDIT gmsv/views/acs_sistema/analise.html: 0
[2023-05-17 16:49:43] EDIT gmsv/views/acs_sistema/analise.html: 1
[2023-05-17 16:49:55] EDIT gmsv/views/acs_sistema/analise.html: 0
[2023-05-17 16:52:01] EDIT gmsv/views/acs_sistema/analise.html: -12
[2023-05-17 16:52:27] EDIT gmsv/views/acs_sistema/analise.html: -1
[2023-05-17 16:54:15] EDIT gmsv/controllers/acs_sistema.py: 6
[2023-05-17 16:55:25] EDIT gmsv/controllers/acs_sistema.py: 3
[2023-05-17 16:55:46] EDIT gmsv/controllers/acs_sistema.py: 1
[2023-05-17 16:56:18] EDIT gmsv/controllers/acs_sistema.py: 0
[2023-05-17 16:56:34] EDIT gmsv/controllers/acs_sistema.py: 0
[2023-05-17 16:57:24] EDIT gmsv/views/acs_sistema/analise.html: 0
[2023-05-17 16:57:45] EDIT gmsv/views/acs_sistema/analise.html: 0
[2023-05-17 16:58:01] EDIT gmsv/views/acs_sistema/analise.html: 0
[2023-05-17 16:58:31] EDIT gmsv/views/acs_sistema/analise.html: 0
[2023-05-17 17:03:56] EDIT gmsv/views/acs_registro_atividade/index.html: 0
[2023-05-19 01:34:11] EDIT gmsv/views/acs_cliente/index.html: 0
[2023-05-19 01:34:52] EDIT gmsv/views/acs_usuario/index.html: 0
[2023-05-19 01:36:35] EDIT gmsv/models/db1.py: 15
[2023-05-19 01:36:52] EDIT gmsv/models/db1.py: 0
[2023-05-19 01:37:33] EDIT gmsv/models/db1.py: 15
[2023-05-19 01:38:19] EDIT gmsv/models/validadores.py: -15
[2023-05-19 01:39:39] EDIT gmsv/models/db1.py: 0
[2023-05-19 01:40:10] EDIT gmsv/controllers/acs_sistema.py: 0
[2023-05-19 01:40:33] EDIT gmsv/controllers/acs_sistema.py: 0
[2023-05-19 01:40:38] EDIT gmsv/models/db1.py: 0
[2023-05-19 01:42:49] EDIT gmsv/models/db1.py: 0
[2023-05-19 01:44:00] EDIT gmsv/models/db1.py: 0
[2023-05-19 01:44:27] EDIT gmsv/models/db1.py: 0
[2023-05-19 01:47:16] EDIT gmsv/models/db1.py: 0
[2023-05-19 01:47:58] EDIT gmsv/models/db1.py: 0
[2023-05-19 01:49:52] EDIT gmsv/models/db1.py: 0
[2023-05-19 01:50:09] EDIT gmsv/models/db1.py: 0
[2023-05-19 01:53:31] EDIT gmsv/models/db1.py: 0
[2023-05-19 01:53:43] EDIT gmsv/models/db1.py: 0
[2023-05-19 01:53:59] EDIT gmsv/models/db1.py: 0
[2023-05-19 02:08:42] EDIT gmsv/models/funcoes.py: 8
[2023-05-19 02:09:24] EDIT gmsv/controllers/acs_sistema.py: 2
[2023-05-19 02:10:19] EDIT gmsv/views/acs_sistema/index.html: 2
[2023-05-19 02:10:41] EDIT gmsv/views/acs_sistema/index.html: 0
[2023-05-19 02:11:30] EDIT gmsv/models/funcoes.py: 0
[2023-05-19 02:13:04] EDIT gmsv/models/db1.py: 0
[2023-05-19 02:14:03] EDIT gmsv/models/db1.py: 0
[2023-05-19 02:16:39] EDIT gmsv/views/acs_sistema/index.html: 0
[2023-05-19 02:18:38] EDIT gmsv/views/layout.html: 3
[2023-05-19 02:18:44] EDIT gmsv/views/layout.html: 0
[2023-05-19 02:18:54] EDIT gmsv/views/layout.html: 0
[2023-05-19 02:19:21] EDIT gmsv/views/layout.html: 0
[2023-05-19 02:20:06] EDIT gmsv/controllers/acs_empresa.py: 0
[2023-05-19 02:23:11] EDIT gmsv/views/acs_sistema/analise.html: 4
[2023-05-19 02:23:43] EDIT gmsv/views/acs_sistema/analise.html: 0
[2023-05-19 02:26:08] EDIT gmsv/views/acs_sistema/analise.html: 5
[2023-05-19 02:27:34] EDIT gmsv/views/acs_sistema/analise.html: 3
[2023-05-19 02:27:52] EDIT gmsv/views/acs_sistema/analise.html: 0
[2023-05-19 02:27:57] EDIT gmsv/views/acs_sistema/analise.html: 0
[2023-05-19 02:28:33] EDIT gmsv/views/acs_sistema/analise.html: 1
[2023-05-19 02:28:57] EDIT gmsv/views/acs_sistema/analise.html: 0
[2023-05-19 02:29:06] EDIT gmsv/views/acs_sistema/analise.html: 0
[2023-05-19 02:29:45] EDIT gmsv/views/acs_sistema/analise.html: 0
[2023-05-19 02:30:55] EDIT gmsv/views/acs_sistema/analise.html: 0
[2023-05-19 02:31:25] EDIT gmsv/views/acs_sistema/analise.html: 1
[2023-05-19 02:31:37] EDIT gmsv/models/db1.py: 0
[2023-05-19 02:34:58] EDIT gmsv/views/layout.html: 10
[2023-05-19 02:35:28] EDIT gmsv/views/acs_sistema/analise.html: 0
[2023-05-19 02:35:56] EDIT gmsv/views/acs_sistema/index.html: 0
[2023-05-19 02:38:36] EDIT gmsv/views/acs_sistema/index.html: 0
[2023-05-19 02:39:14] EDIT gmsv/controllers/acs_sistema.py: 0
[2023-05-19 02:39:33] EDIT gmsv/controllers/acs_sistema.py: 0
[2023-05-19 02:41:02] EDIT gmsv/views/acs_sistema/index.html: 2
[2023-05-19 02:41:55] EDIT gmsv/views/acs_sistema/index.html: 0
[2023-05-19 02:42:13] EDIT gmsv/views/acs_sistema/index.html: 0
[2023-05-19 02:42:16] EDIT gmsv/views/acs_sistema/index.html: 0
[2023-05-19 02:42:35] EDIT gmsv/views/acs_sistema/index.html: 0
[2023-05-19 02:42:53] EDIT gmsv/views/acs_sistema/index.html: 0
[2023-05-19 02:44:56] EDIT gmsv/views/acs_sistema/index.html: 4
[2023-05-19 02:44:58] EDIT gmsv/views/acs_sistema/index.html: 0
[2023-05-19 02:45:13] EDIT gmsv/views/acs_sistema/index.html: 0
[2023-05-19 02:45:22] EDIT gmsv/views/acs_sistema/index.html: 0
[2023-05-19 02:45:32] EDIT gmsv/views/acs_sistema/index.html: 0
[2023-05-19 02:47:22] EDIT gmsv/views/acs_sistema/index.html: 4
[2023-05-19 02:47:26] EDIT gmsv/views/acs_sistema/index.html: 0
[2023-05-19 02:56:53] EDIT gmsv/views/acs_sistema/analise.html: 3
[2023-05-19 03:01:32] EDIT gmsv/views/acs_registro_atividade/index.html: 0
[2023-05-19 03:02:43] EDIT gmsv/views/acs_registro_atividade/index.html: 1
[2023-05-19 03:05:03] EDIT gmsv/views/acs_registro_atividade/index.html: -1
[2023-05-19 03:05:08] EDIT gmsv/views/acs_registro_atividade/index.html: 0
[2023-05-19 03:05:56] EDIT gmsv/views/acs_registro_atividade/index.html: 0
[2023-05-19 03:09:29] EDIT gmsv/views/acs_registro_atividade/index.html: 4
[2023-05-19 03:09:43] EDIT gmsv/views/acs_registro_atividade/index.html: 0
[2023-05-19 03:10:05] EDIT gmsv/views/acs_registro_atividade/index.html: 0
[2023-05-19 03:12:52] EDIT gmsv/views/acs_registro_atividade/index.html: 0
[2023-05-19 03:13:12] EDIT gmsv/controllers/acs_registro_atividade.py: 0
[2023-05-19 03:14:30] EDIT gmsv/views/acs_registro_atividade/index.html: 0
[2023-05-19 03:14:43] EDIT gmsv/views/acs_registro_atividade/index.html: 0
[2023-05-19 03:14:47] EDIT gmsv/views/acs_registro_atividade/index.html: 0
[2023-05-19 03:15:05] EDIT gmsv/views/acs_registro_atividade/index.html: 2
[2023-05-19 03:15:42] EDIT gmsv/controllers/acs_registro_atividade.py: 3
[2023-05-19 03:16:00] CREATE acs_registro_atividade/gestao_risco.html: 0
[2023-05-19 03:57:38] EDIT gmsv/controllers/acs_registro_atividade.py: 28
[2023-05-19 03:58:22] EDIT gmsv/controllers/acs_registro_atividade.py: 0
[2023-05-19 03:59:19] EDIT gmsv/controllers/acs_registro_atividade.py: 0
[2023-05-20 00:11:10] EDIT gmsv/views/acs_cliente/index.html: 63
[2023-05-20 00:11:41] EDIT gmsv/controllers/acs_cliente.py: 0
[2023-05-20 00:12:39] EDIT gmsv/views/generic.html: 18
[2023-05-20 00:14:19] EDIT gmsv/controllers/acs_cliente.py: 0
[2023-05-20 00:14:37] EDIT gmsv/controllers/acs_cliente.py: 0
[2023-05-20 00:15:04] EDIT gmsv/views/acs_cliente/index.html: 60
[2023-05-20 00:15:10] EDIT gmsv/controllers/acs_cliente.py: 0
[2023-05-20 00:15:45] EDIT gmsv/views/acs_cliente/index.html: 0
[2023-05-20 00:16:10] EDIT gmsv/views/acs_cliente/index.html: 0
[2023-05-20 00:16:28] EDIT gmsv/controllers/acs_cliente.py: 0
[2023-05-20 00:16:51] EDIT gmsv/views/acs_sistema/index.html: 120
[2023-05-20 00:17:24] EDIT gmsv/controllers/acs_sistema.py: 0
[2023-05-20 00:17:40] EDIT gmsv/controllers/acs_sistema.py: 0
[2023-05-20 00:17:57] EDIT gmsv/views/acs_usuario/index.html: 120
[2023-05-20 00:18:03] EDIT gmsv/controllers/acs_usuario.py: 0
[2023-05-20 00:18:16] EDIT gmsv/controllers/acs_usuario.py: 0
[2023-05-20 00:19:34] EDIT gmsv/views/acs_registro_atividade/index.html: 60
[2023-05-20 00:19:43] EDIT gmsv/views/acs_registro_atividade/index.html: 60
[2023-05-20 00:20:15] EDIT gmsv/controllers/acs_registro_atividade.py: 0
[2023-05-20 00:20:28] EDIT gmsv/controllers/acs_registro_atividade.py: 0
[2023-05-20 00:23:08] EDIT gmsv/views/acs_registro_atividade/gestao_risco.html: 164
[2023-05-20 00:23:48] EDIT gmsv/views/acs_registro_atividade/gestao_risco.html: 0
[2023-05-20 00:24:11] EDIT gmsv/views/acs_registro_atividade/gestao_risco.html: 0
[2023-05-20 00:24:25] EDIT gmsv/views/acs_registro_atividade/gestao_risco.html: 0
[2023-05-20 00:24:52] EDIT gmsv/views/acs_registro_atividade/gestao_risco.html: 0
[2023-05-20 00:27:18] EDIT gmsv/controllers/acs_registro_atividade.py: 4
[2023-05-20 00:27:30] EDIT gmsv/controllers/acs_registro_atividade.py: 1
[2023-05-20 00:28:28] EDIT gmsv/controllers/acs_registro_atividade.py: 0
[2023-05-20 00:33:53] EDIT gmsv/controllers/acs_registro_atividade.py: 15
[2023-05-20 00:34:01] EDIT gmsv/controllers/acs_registro_atividade.py: 0
[2023-05-20 00:34:36] EDIT gmsv/controllers/acs_registro_atividade.py: 0
[2023-05-20 00:35:32] EDIT gmsv/controllers/acs_registro_atividade.py: 0
[2023-05-20 00:35:47] EDIT gmsv/models/db2.py: 0
[2023-05-20 00:36:00] EDIT gmsv/models/db2.py: 0
[2023-05-20 00:36:34] EDIT gmsv/models/db2.py: 0
[2023-05-20 00:39:03] EDIT gmsv/models/db2.py: 1
[2023-05-20 00:39:21] EDIT gmsv/models/db2.py: 0
[2023-05-20 00:40:28] EDIT gmsv/models/db2.py: 2
[2023-05-20 00:40:43] EDIT gmsv/models/db2.py: 0
[2023-05-20 00:40:55] EDIT gmsv/models/db2.py: 0
[2023-05-20 00:41:51] EDIT gmsv/models/db2.py: 1
[2023-05-20 00:42:27] EDIT gmsv/models/db2.py: 1
[2023-05-20 00:44:03] EDIT gmsv/models/db2.py: 1
[2023-05-20 00:49:16] EDIT gmsv/views/acs_registro_atividade/gestao_risco.html: 4
[2023-05-20 00:53:35] EDIT gmsv/controllers/acs_registro_atividade.py: 16
[2023-05-20 01:54:13] EDIT gmsv/models/funcoes.py: 25
[2023-05-20 01:54:18] EDIT gmsv/models/funcoes.py: 1
[2023-05-20 01:54:27] EDIT gmsv/models/funcoes.py: 0
[2023-05-20 01:54:41] EDIT gmsv/models/funcoes.py: 0
[2023-05-20 01:55:11] EDIT gmsv/controllers/acs_registro_atividade.py: 2
[2023-05-20 01:55:43] EDIT gmsv/controllers/acs_registro_atividade.py: 0
[2023-05-20 01:56:44] EDIT gmsv/controllers/acs_registro_atividade.py: 0
[2023-05-20 01:56:56] EDIT gmsv/controllers/acs_registro_atividade.py: 0
[2023-05-20 01:58:29] EDIT gmsv/views/acs_registro_atividade/gestao_risco.html: 2
[2023-05-20 01:59:26] EDIT gmsv/views/acs_registro_atividade/gestao_risco.html: 0
[2023-05-20 01:59:47] EDIT gmsv/models/funcoes.py: 0
[2023-05-20 02:00:33] EDIT gmsv/models/db2.py: 0
[2023-05-20 02:10:28] EDIT gmsv/views/acs_registro_atividade/gestao_risco.html: 9
[2023-05-20 02:11:10] EDIT gmsv/views/acs_registro_atividade/gestao_risco.html: 9
[2023-05-20 02:11:36] EDIT gmsv/views/acs_registro_atividade/gestao_risco.html: 0
[2023-05-20 02:15:45] EDIT gmsv/views/acs_registro_atividade/gestao_risco.html: 2
[2023-05-20 02:15:55] EDIT gmsv/views/acs_registro_atividade/gestao_risco.html: -2
[2023-05-20 02:26:08] EDIT gmsv/views/acs_sistema/index.html: 0
[2023-05-20 02:26:21] EDIT gmsv/views/acs_sistema/index.html: -3
[2023-05-20 02:26:25] EDIT gmsv/views/acs_sistema/index.html: 3
[2023-05-20 02:27:03] EDIT gmsv/views/acs_sistema/index.html: 0
[2023-05-20 02:27:39] EDIT gmsv/views/acs_sistema/index.html: 0
[2023-05-20 02:43:39] EDIT gmsv/controllers/acs_sistema.py: 9
[2023-05-20 02:44:29] CREATE acs_sistema/relatorio.html: 0
[2023-05-20 02:44:34] EDIT gmsv/views/acs_sistema/relatorio.html: 0
[2023-05-20 03:13:18] EDIT gmsv/views/acs_sistema/relatorio.html: 101
[2023-05-20 03:13:41] EDIT gmsv/views/acs_sistema/relatorio.html: 0
[2023-05-20 03:16:20] EDIT gmsv/views/acs_sistema/relatorio.html: 1
[2023-05-20 03:18:02] EDIT gmsv/views/acs_sistema/relatorio.html: 0
[2023-05-20 03:18:33] EDIT gmsv/views/acs_sistema/relatorio.html: 0
[2023-05-20 03:18:59] EDIT gmsv/views/acs_sistema/relatorio.html: 0
[2023-05-20 03:19:56] EDIT gmsv/views/acs_sistema/relatorio.html: 0
[2023-05-20 03:27:48] EDIT gmsv/models/db1.py: 1
[2023-05-20 03:30:04] EDIT gmsv/views/acs_sistema/relatorio.html: 0
[2023-05-20 03:30:07] EDIT gmsv/views/acs_sistema/relatorio.html: 0
[2023-05-20 03:31:38] EDIT gmsv/views/acs_sistema/relatorio.html: -1
[2023-05-20 03:32:05] EDIT gmsv/views/acs_sistema/relatorio.html: 0
[2023-05-20 03:34:26] EDIT gmsv/views/acs_sistema/relatorio.html: 0
[2023-05-20 03:35:04] EDIT gmsv/views/acs_sistema/relatorio.html: 0
[2023-05-20 03:36:02] EDIT gmsv/views/acs_sistema/relatorio.html: 0
[2023-05-20 03:37:26] EDIT gmsv/views/acs_sistema/relatorio.html: 0
[2023-05-20 03:40:42] EDIT gmsv/views/acs_sistema/relatorio.html: 0
[2023-05-20 03:48:14] EDIT gmsv/views/acs_sistema/relatorio.html: 0
[2023-05-20 03:50:45] EDIT gmsv/views/acs_sistema/relatorio.html: 0
[2023-05-20 03:55:39] EDIT gmsv/views/acs_sistema/relatorio.html: 0
[2023-05-20 03:56:08] EDIT gmsv/views/acs_sistema/relatorio.html: 0
[2023-05-20 03:56:19] EDIT gmsv/views/acs_sistema/relatorio.html: 0
[2023-05-20 03:56:33] EDIT gmsv/views/acs_sistema/relatorio.html: 0
[2023-05-20 03:57:25] EDIT gmsv/views/acs_sistema/relatorio.html: -1
[2023-05-20 04:00:47] EDIT gmsv/views/acs_sistema/relatorio.html: 0
[2023-05-20 04:03:07] EDIT gmsv/views/acs_sistema/analise.html: 0
[2023-05-20 04:03:33] EDIT gmsv/views/acs_sistema/analise.html: 0
[2023-05-20 04:03:43] EDIT gmsv/views/acs_sistema/analise.html: 0
[2023-05-20 04:05:29] EDIT gmsv/views/acs_sistema/relatorio.html: 0
[2023-05-20 04:05:54] EDIT gmsv/views/acs_sistema/analise.html: 102
[2023-05-20 04:07:12] EDIT gmsv/views/acs_sistema/analise.html: 0
[2023-05-20 04:07:19] EDIT gmsv/views/acs_sistema/analise.html: 0
[2023-05-20 04:08:41] EDIT gmsv/views/acs_sistema/analise.html: -1
[2023-05-20 04:09:11] EDIT gmsv/views/acs_sistema/analise.html: 0
[2023-05-20 04:09:25] EDIT gmsv/views/acs_sistema/analise.html: 1
[2023-05-20 04:09:52] EDIT gmsv/views/acs_sistema/analise.html: 0
[2023-05-20 04:10:48] EDIT gmsv/views/acs_sistema/analise.html: -2
[2023-05-20 04:11:01] EDIT gmsv/views/acs_sistema/analise.html: -2
[2023-05-20 04:11:51] EDIT gmsv/views/acs_sistema/analise.html: 0
[2023-05-20 04:12:35] EDIT gmsv/views/acs_sistema/analise.html: 0
[2023-05-20 04:13:08] EDIT gmsv/views/acs_sistema/analise.html: 0
[2023-05-20 04:13:25] EDIT gmsv/views/acs_sistema/analise.html: 0
[2023-05-20 04:13:52] EDIT gmsv/views/acs_sistema/analise.html: 0
[2023-05-20 04:18:45] EDIT gmsv/views/acs_sistema/analise.html: 6
[2023-05-20 04:19:58] EDIT gmsv/views/acs_sistema/analise.html: 0
[2023-05-22 01:22:07] EDIT gmsv/views/acs_registro_atividade/index.html: 3
[2023-05-22 01:22:57] EDIT gmsv/controllers/acs_registro_atividade.py: 3
[2023-05-22 01:23:48] EDIT gmsv/controllers/acs_registro_atividade.py: 0
[2023-05-22 01:23:53] EDIT gmsv/controllers/acs_registro_atividade.py: 1
[2023-05-22 01:24:07] CREATE acs_registro_atividade/relatorio.html: 0
[2023-05-22 01:38:47] EDIT gmsv/views/acs_registro_atividade/relatorio.html: 50
[2023-05-22 01:39:49] CREATE relatorio/capa.html: 0
[2023-05-22 01:40:24] EDIT gmsv/views/acs_registro_atividade/relatorio.html: -52
[2023-05-22 01:40:27] EDIT gmsv/views/relatorio/capa.html: 50
[2023-05-22 01:40:38] EDIT gmsv/views/acs_registro_atividade/relatorio.html: 0
[2023-05-22 01:41:10] EDIT gmsv/views/acs_registro_atividade/relatorio.html: 0
[2023-05-22 01:41:47] EDIT gmsv/controllers/acs_registro_atividade.py: 3
[2023-05-22 01:42:20] EDIT gmsv/views/relatorio/capa.html: 1
[2023-05-22 01:47:25] EDIT gmsv/views/acs_registro_atividade/relatorio.html: 0
[2023-05-22 01:48:31] CREATE relatorio/1001.html: 0
[2023-05-22 01:48:52] EDIT gmsv/views/relatorio/1001.html: 51
[2023-05-22 01:53:04] EDIT gmsv/controllers/acs_registro_atividade.py: -2
[2023-05-22 01:56:04] EDIT gmsv/views/relatorio/1001.html: 0
[2023-05-22 01:58:57] EDIT gmsv/views/relatorio/1001.html: 0
[2023-05-22 01:59:06] EDIT gmsv/views/relatorio/1001.html: 0
[2023-05-22 01:59:21] EDIT gmsv/views/relatorio/1001.html: 0
[2023-05-22 01:59:53] EDIT gmsv/views/relatorio/1001.html: 0
[2023-05-22 02:00:12] EDIT gmsv/views/relatorio/1001.html: 0
[2023-05-22 02:02:26] EDIT gmsv/views/relatorio/1001.html: 0
[2023-05-22 02:03:40] EDIT gmsv/views/relatorio/1001.html: 0
[2023-05-22 02:04:24] EDIT gmsv/views/relatorio/1001.html: 0
[2023-05-22 02:05:15] EDIT gmsv/views/relatorio/1001.html: 0
[2023-05-22 02:06:48] EDIT gmsv/views/relatorio/1001.html: 0
[2023-05-22 02:07:22] EDIT gmsv/views/relatorio/1001.html: 0
[2023-05-22 02:07:53] EDIT gmsv/views/relatorio/1001.html: -1
[2023-05-22 02:16:07] CREATE relatorio/1002.html: 0
[2023-05-22 02:16:16] CREATE relatorio/1003.html: 0
[2023-05-22 02:16:25] CREATE relatorio/1004.html: 0
[2023-05-22 02:16:37] CREATE relatorio/1005.html: 0
[2023-05-22 02:16:58] CREATE relatorio/1006.html: 0
[2023-05-22 02:17:06] CREATE relatorio/1007.html: 0
[2023-05-22 02:18:44] EDIT gmsv/views/relatorio/1001.html: 50
[2023-05-22 02:20:23] EDIT gmsv/views/relatorio/1001.html: -4
[2023-05-22 02:23:22] EDIT gmsv/views/relatorio/1001.html: 0
[2023-05-22 02:24:04] EDIT gmsv/views/relatorio/1001.html: -1
[2023-05-22 02:24:30] EDIT gmsv/views/relatorio/1001.html: 0
[2023-05-22 02:24:58] EDIT gmsv/views/relatorio/1001.html: 0
[2023-05-22 02:27:53] EDIT gmsv/views/relatorio/1001.html: 0
[2023-05-22 02:31:41] EDIT gmsv/controllers/acs_registro_atividade.py: 1
[2023-05-22 02:32:09] EDIT gmsv/views/relatorio/1001.html: 0
[2023-05-22 02:33:58] EDIT gmsv/views/relatorio/1001.html: 2
[2023-05-22 02:34:52] EDIT gmsv/views/relatorio/1001.html: 1
[2023-05-22 02:35:17] EDIT gmsv/views/relatorio/1001.html: 0
[2023-05-22 02:37:56] EDIT gmsv/views/relatorio/1001.html: 1
[2023-05-22 02:39:09] EDIT gmsv/views/relatorio/1001.html: 0
[2023-05-22 02:39:53] EDIT gmsv/views/relatorio/1001.html: -1
[2023-05-22 02:40:51] EDIT gmsv/views/relatorio/1001.html: 0
[2023-05-22 02:41:21] EDIT gmsv/views/relatorio/1001.html: -1
[2023-05-22 02:41:41] EDIT gmsv/views/relatorio/1001.html: 0
[2023-05-22 02:42:13] EDIT gmsv/views/relatorio/1001.html: 0
[2023-05-22 02:42:33] EDIT gmsv/views/relatorio/1001.html: 0
[2023-05-22 02:43:40] EDIT gmsv/views/relatorio/1001.html: 0
[2023-05-22 02:45:07] EDIT gmsv/views/relatorio/1001.html: -1
[2023-05-22 02:45:26] EDIT gmsv/views/relatorio/1001.html: 0
[2023-05-22 02:45:53] EDIT gmsv/views/relatorio/1001.html: 1
[2023-05-22 02:46:06] EDIT gmsv/views/relatorio/1001.html: 0
[2023-05-22 02:46:57] EDIT gmsv/views/relatorio/1001.html: 0
[2023-05-22 02:47:15] EDIT gmsv/views/relatorio/1001.html: 0
[2023-05-22 02:50:29] EDIT gmsv/views/relatorio/1001.html: 0
[2023-05-22 02:50:47] EDIT gmsv/views/relatorio/1001.html: 0
[2023-05-22 02:51:01] EDIT gmsv/views/relatorio/1001.html: 0
[2023-05-22 02:51:12] EDIT gmsv/views/relatorio/1001.html: 0
[2023-05-22 02:51:42] EDIT gmsv/views/relatorio/1001.html: 0
[2023-05-22 02:52:00] EDIT gmsv/views/relatorio/1001.html: 0
[2023-05-22 02:52:40] EDIT gmsv/views/relatorio/1001.html: -1
[2023-05-22 02:53:15] EDIT gmsv/views/relatorio/1001.html: 2
[2023-05-22 02:53:21] EDIT gmsv/views/relatorio/1001.html: 0
[2023-05-22 02:53:37] EDIT gmsv/views/relatorio/1001.html: 0
[2023-05-22 02:54:07] EDIT gmsv/views/relatorio/1001.html: 2
[2023-05-22 02:54:09] EDIT gmsv/views/relatorio/1001.html: 0
[2023-05-22 02:54:39] EDIT gmsv/views/relatorio/1001.html: -1
[2023-05-22 02:55:17] EDIT gmsv/views/relatorio/1001.html: 0
[2023-05-22 02:56:01] EDIT gmsv/views/relatorio/1001.html: 0
[2023-05-22 02:56:17] EDIT gmsv/views/relatorio/1001.html: 0
[2023-05-22 02:56:46] EDIT gmsv/views/relatorio/1001.html: 0
[2023-05-22 02:57:35] EDIT gmsv/views/relatorio/1001.html: 0
[2023-05-22 03:08:03] EDIT gmsv/views/relatorio/1002.html: 69
[2023-05-22 03:10:37] EDIT gmsv/views/relatorio/1002.html: -16
[2023-05-22 03:14:05] EDIT gmsv/views/acs_usuario/index.html: 0
[2023-05-22 03:14:30] EDIT gmsv/views/acs_usuario/index.html: 0
[2023-05-22 03:15:12] EDIT gmsv/views/relatorio/1002.html: 0
[2023-05-22 03:15:23] EDIT gmsv/views/relatorio/1002.html: 0
[2023-05-22 03:15:36] EDIT gmsv/views/relatorio/1002.html: 0
[2023-05-22 03:15:54] EDIT gmsv/views/relatorio/1002.html: 0
[2023-05-22 03:16:39] EDIT gmsv/views/relatorio/1002.html: 0
[2023-05-22 03:17:02] EDIT gmsv/views/relatorio/1002.html: 1
[2023-05-22 03:17:04] EDIT gmsv/controllers/acs_usuario.py: 4
[2023-05-22 03:17:18] EDIT gmsv/views/relatorio/1002.html: 0
[2023-05-22 03:17:36] EDIT gmsv/controllers/acs_usuario.py: 0
[2023-05-22 03:17:58] EDIT gmsv/views/relatorio/1002.html: 0
[2023-05-22 03:18:16] CREATE acs_usuario/registros_atividade.html: 0
[2023-05-22 03:19:30] EDIT gmsv/views/relatorio/1002.html: 0
[2023-05-22 03:19:44] EDIT gmsv/views/relatorio/1002.html: 0
[2023-05-22 03:20:54] EDIT gmsv/controllers/acs_usuario.py: 2
[2023-05-22 03:21:06] EDIT gmsv/views/relatorio/1002.html: 0
[2023-05-22 03:21:33] EDIT gmsv/views/relatorio/1002.html: 0
[2023-05-22 03:22:04] EDIT gmsv/views/relatorio/1002.html: 0
[2023-05-22 03:22:12] EDIT gmsv/views/relatorio/1002.html: 0
[2023-05-22 03:22:29] EDIT gmsv/controllers/acs_usuario.py: 27
[2023-05-22 03:22:37] EDIT gmsv/views/relatorio/1002.html: 0
[2023-05-22 03:23:24] EDIT gmsv/views/relatorio/1002.html: 0
[2023-05-22 03:23:52] EDIT gmsv/views/acs_usuario/registros_atividade.html: 166
[2023-05-22 03:24:24] EDIT gmsv/views/acs_usuario/registros_atividade.html: -15
[2023-05-22 03:24:40] EDIT gmsv/views/relatorio/1002.html: 0
[2023-05-22 03:25:06] EDIT gmsv/views/relatorio/1002.html: 0
[2023-05-22 03:26:25] EDIT gmsv/views/relatorio/1002.html: 0
[2023-05-22 03:26:49] EDIT gmsv/views/acs_usuario/registros_atividade.html: 2
[2023-05-22 03:27:10] EDIT gmsv/views/acs_usuario/registros_atividade.html: 2
[2023-05-22 03:27:23] EDIT gmsv/views/relatorio/1002.html: 0
[2023-05-22 03:27:30] EDIT gmsv/views/relatorio/1002.html: 0
[2023-05-22 03:27:46] EDIT gmsv/views/acs_usuario/registros_atividade.html: 0
[2023-05-22 03:27:49] EDIT gmsv/views/relatorio/1002.html: 0
[2023-05-22 03:27:49] EDIT gmsv/views/acs_usuario/registros_atividade.html: 0
[2023-05-22 03:27:58] EDIT gmsv/views/acs_usuario/registros_atividade.html: -1
[2023-05-22 03:28:15] EDIT gmsv/views/relatorio/1002.html: 0
[2023-05-22 03:29:05] EDIT gmsv/views/relatorio/1002.html: 0
[2023-05-22 03:29:08] EDIT gmsv/controllers/acs_usuario.py: 0
[2023-05-22 03:29:30] EDIT gmsv/controllers/acs_usuario.py: 0
[2023-05-22 03:30:09] EDIT gmsv/views/acs_usuario/registros_atividade.html: -2
[2023-05-22 03:31:52] EDIT gmsv/controllers/acs_registro_atividade.py: 0
[2023-05-22 03:32:26] EDIT gmsv/views/relatorio/1002.html: 0
[2023-05-22 03:32:36] EDIT gmsv/views/relatorio/1002.html: -1
[2023-05-22 03:34:39] EDIT gmsv/views/acs_usuario/registros_atividade.html: 1
[2023-05-22 03:35:06] EDIT gmsv/views/acs_usuario/registros_atividade.html: 0
[2023-05-22 03:36:29] EDIT gmsv/views/acs_usuario/registros_atividade.html: 2
[2023-05-22 03:36:45] EDIT gmsv/views/acs_usuario/registros_atividade.html: 0
[2023-05-22 03:36:55] EDIT gmsv/views/acs_usuario/registros_atividade.html: 0
[2023-05-22 03:38:26] EDIT gmsv/controllers/acs_sistema.py: 33
[2023-05-22 03:39:08] EDIT gmsv/views/acs_sistema/index.html: 0
[2023-05-22 03:39:21] CREATE acs_sistema/registros_atividade.html: 0
[2023-05-22 03:39:30] EDIT gmsv/views/acs_sistema/registros_atividade.html: 155
[2023-05-22 03:39:58] EDIT gmsv/views/acs_sistema/registros_atividade.html: 0
[2023-05-22 03:40:39] EDIT gmsv/views/acs_sistema/registros_atividade.html: -5
[2023-05-22 03:41:08] EDIT gmsv/views/acs_sistema/registros_atividade.html: 0
[2023-05-22 03:41:16] EDIT gmsv/views/acs_sistema/registros_atividade.html: -5
[2023-05-22 03:42:05] EDIT gmsv/views/relatorio/1003.html: 29
[2023-05-22 03:42:20] EDIT gmsv/views/acs_sistema/registros_atividade.html: 5
[2023-05-22 03:42:29] EDIT gmsv/controllers/acs_sistema.py: 0
[2023-05-22 03:42:38] EDIT gmsv/views/relatorio/1003.html: 0
[2023-05-22 03:42:42] EDIT gmsv/controllers/acs_usuario.py: 0
[2023-05-22 03:43:07] EDIT gmsv/views/relatorio/1003.html: 1
[2023-05-22 03:43:16] EDIT gmsv/controllers/acs_sistema.py: 0
[2023-05-22 03:43:19] EDIT gmsv/views/relatorio/1003.html: 0
[2023-05-22 03:45:45] EDIT gmsv/views/relatorio/1003.html: 0
[2023-05-22 03:47:09] EDIT gmsv/views/relatorio/1003.html: 0
[2023-05-22 03:48:34] EDIT gmsv/views/relatorio/1003.html: 0
[2023-05-22 03:48:50] EDIT gmsv/views/relatorio/1003.html: 0
[2023-05-22 03:49:02] EDIT gmsv/views/relatorio/1003.html: -1
[2023-05-22 03:54:04] EDIT gmsv/views/relatorio/1003.html: 0
[2023-05-23 00:32:55] EDIT gmsv/controllers/acs_registro_atividade.py: 29
[2023-05-23 00:33:23] EDIT gmsv/controllers/acs_registro_atividade.py: -1
[2023-05-23 00:33:55] EDIT gmsv/controllers/acs_registro_atividade.py: 0
[2023-05-23 00:34:12] CREATE acs_registro_atividade/todos_registros.html: 0
[2023-05-23 00:34:58] EDIT gmsv/views/acs_registro_atividade/todos_registros.html: 178
[2023-05-23 00:35:28] EDIT gmsv/views/acs_registro_atividade/todos_registros.html: -6
[2023-05-23 00:35:36] EDIT gmsv/views/acs_registro_atividade/todos_registros.html: 0
[2023-05-23 00:35:57] EDIT gmsv/views/acs_registro_atividade/todos_registros.html: -5
[2023-05-23 00:36:37] EDIT gmsv/views/acs_registro_atividade/todos_registros.html: -1
[2023-05-23 00:37:19] EDIT gmsv/views/acs_registro_atividade/todos_registros.html: 2
[2023-05-23 00:37:34] EDIT gmsv/views/acs_registro_atividade/todos_registros.html: 0
[2023-05-23 00:37:50] EDIT gmsv/views/acs_registro_atividade/todos_registros.html: 0
[2023-05-23 00:38:15] EDIT gmsv/views/acs_registro_atividade/todos_registros.html: -3
[2023-05-23 00:39:24] EDIT gmsv/views/acs_empresa/index.html: 11
[2023-05-23 00:39:52] EDIT gmsv/views/acs_empresa/index.html: 0
[2023-05-23 00:41:55] EDIT gmsv/views/relatorio/1004.html: 46
[2023-05-23 00:43:04] EDIT gmsv/views/relatorio/1004.html: 0
[2023-05-23 00:43:31] EDIT gmsv/views/relatorio/1004.html: 0
[2023-05-23 00:44:38] EDIT gmsv/views/relatorio/1004.html: -3
[2023-05-23 00:45:32] EDIT gmsv/views/relatorio/1004.html: -3
[2023-05-23 00:48:17] EDIT gmsv/views/relatorio/1004.html: -4
[2023-05-23 00:48:47] EDIT gmsv/views/relatorio/1004.html: 0
[2023-05-23 00:49:53] EDIT gmsv/views/relatorio/1004.html: 0
[2023-05-23 00:50:25] EDIT gmsv/views/relatorio/1004.html: 0
[2023-05-23 00:50:39] EDIT gmsv/views/relatorio/1004.html: -1
[2023-05-23 00:52:08] EDIT gmsv/views/relatorio/1004.html: 0
[2023-05-23 01:18:22] EDIT gmsv/views/relatorio/1005.html: 50
[2023-05-23 01:19:06] EDIT gmsv/views/relatorio/1005.html: 0
[2023-05-23 01:19:17] EDIT gmsv/views/relatorio/1005.html: 0
[2023-05-23 01:20:16] EDIT gmsv/views/relatorio/1005.html: 0
[2023-05-23 01:21:58] EDIT gmsv/views/relatorio/1005.html: 0
[2023-05-23 01:23:10] EDIT gmsv/views/relatorio/1005.html: 0
[2023-05-23 01:23:21] EDIT gmsv/views/relatorio/1005.html: 0
[2023-05-23 01:23:31] EDIT gmsv/views/relatorio/1005.html: -1
[2023-05-23 01:23:51] EDIT gmsv/views/relatorio/1005.html: -2
[2023-05-23 01:37:18] EDIT gmsv/views/relatorio/1006.html: 61
[2023-05-23 01:39:06] EDIT gmsv/views/relatorio/1006.html: -4
[2023-05-23 01:39:27] EDIT gmsv/views/relatorio/1006.html: 0
[2023-05-23 01:39:45] EDIT gmsv/views/relatorio/1006.html: 0
[2023-05-23 01:40:21] EDIT gmsv/views/relatorio/1006.html: 0
[2023-05-23 01:42:12] EDIT gmsv/views/relatorio/1006.html: 0
[2023-05-23 01:42:28] EDIT gmsv/views/relatorio/1006.html: -5
[2023-05-23 01:43:10] EDIT gmsv/views/relatorio/1006.html: 0
[2023-05-23 01:43:22] EDIT gmsv/views/relatorio/1006.html: 0
[2023-05-23 01:44:32] EDIT gmsv/views/relatorio/1006.html: -4
[2023-05-23 01:45:14] EDIT gmsv/views/relatorio/1006.html: -8
[2023-05-23 01:47:04] EDIT gmsv/views/relatorio/1006.html: 0
[2023-05-23 01:47:12] EDIT gmsv/views/relatorio/1006.html: -1
[2023-05-23 01:47:44] EDIT gmsv/views/acs_empresa/index.html: 90
[2023-05-23 01:48:37] EDIT gmsv/views/relatorio/1006.html: 0
[2023-05-23 01:56:26] EDIT gmsv/views/relatorio/1007.html: 40
[2023-05-23 01:56:52] EDIT gmsv/views/relatorio/1007.html: 0
[2023-05-23 01:57:02] EDIT gmsv/views/relatorio/1007.html: 0
[2023-05-23 01:57:32] EDIT gmsv/views/relatorio/1007.html: 0
[2023-05-23 01:58:34] EDIT gmsv/views/relatorio/1007.html: 0
[2023-05-23 01:59:18] EDIT gmsv/views/relatorio/1007.html: 0
[2023-05-23 01:59:28] EDIT gmsv/views/relatorio/1007.html: 0
[2023-05-23 02:01:14] EDIT gmsv/views/relatorio/1007.html: -5
[2023-05-23 02:02:32] EDIT gmsv/views/relatorio/1007.html: 0
[2023-05-23 02:02:58] EDIT gmsv/views/relatorio/1007.html: 0
[2023-05-23 02:03:14] EDIT gmsv/views/relatorio/1007.html: -1
[2023-05-23 02:11:29] EDIT gmsv/views/acs_empresa/index.html: 2
[2023-05-23 02:12:04] EDIT gmsv/views/acs_empresa/index.html: 0
[2023-05-23 02:13:40] EDIT gmsv/views/acs_registro_atividade/todos_registros.html: -11
[2023-05-23 02:14:03] EDIT gmsv/views/acs_registro_atividade/todos_registros.html: 1
[2023-05-23 02:14:48] EDIT gmsv/views/acs_registro_atividade/todos_registros.html: 15
[2023-05-23 02:15:18] EDIT gmsv/views/acs_registro_atividade/todos_registros.html: 0
[2023-05-23 02:15:32] EDIT gmsv/views/acs_registro_atividade/todos_registros.html: 0
[2023-05-23 02:20:41] EDIT gmsv/models/db2.py: 1
[2023-05-23 02:20:59] EDIT gmsv/models/db2.py: 0
[2023-05-23 02:23:37] EDIT gmsv/views/acs_registro_atividade/gestao_risco.html: 9
[2023-05-23 02:29:04] EDIT gmsv/controllers/acs_registro_atividade.py: 17
[2023-05-23 02:29:14] EDIT gmsv/controllers/acs_registro_atividade.py: 0
[2023-05-23 03:08:32] CREATE funcao_email.py: 0
[2023-05-23 03:09:45] EDIT gmsv/models/funcao_email.py: 28
[2023-05-23 03:10:29] EDIT gmsv/models/funcao_email.py: 1
[2023-05-23 03:10:51] EDIT gmsv/models/funcao_email.py: -1
[2023-05-23 03:13:05] EDIT gmsv/views/acs_registro_atividade/relatorio.html: 1
[2023-05-23 03:13:19] EDIT gmsv/views/acs_registro_atividade/relatorio.html: 2
[2023-05-23 03:13:42] EDIT gmsv/views/acs_registro_atividade/relatorio.html: 0
[2023-05-23 03:16:17] EDIT gmsv/views/acs_registro_atividade/relatorio.html: 1
[2023-05-23 03:16:49] EDIT gmsv/views/acs_registro_atividade/relatorio.html: 0
[2023-05-23 03:17:04] EDIT gmsv/models/funcao_email.py: 0
[2023-05-23 03:17:06] EDIT gmsv/views/acs_registro_atividade/relatorio.html: 0
[2023-05-23 03:17:37] EDIT gmsv/models/funcao_email.py: 0
[2023-05-23 03:18:06] EDIT gmsv/views/acs_registro_atividade/relatorio.html: 1
[2023-05-23 03:19:20] EDIT gmsv/models/funcao_email.py: 0
[2023-05-23 13:43:56] EDIT gmsv/views/acs_registro_atividade/relatorio.html: 2
[2023-05-23 13:44:47] EDIT gmsv/views/acs_registro_atividade/relatorio.html: 0
[2023-05-23 13:45:50] EDIT gmsv/views/acs_registro_atividade/relatorio.html: -7
[2023-05-24 01:23:28] EDIT gmsv/models/db2.py: 2
[2023-05-24 01:26:02] EDIT gmsv/controllers/acs_registro_atividade.py: 3
[2023-05-24 01:26:19] EDIT gmsv/controllers/acs_registro_atividade.py: 0
[2023-05-24 01:26:59] EDIT gmsv/controllers/acs_registro_atividade.py: 0
[2023-05-24 01:30:46] EDIT gmsv/controllers/acs_empresa.py: 0
[2023-05-24 01:30:52] EDIT gmsv/controllers/acs_empresa.py: 0
[2023-05-24 01:31:10] EDIT gmsv/controllers/acs_empresa.py: 0
[2023-05-24 01:31:38] CREATE acs_analista.html: 0
[2023-05-24 01:32:08] CREATE acs_analista.py: 0
[2023-05-24 01:32:13] EDIT gmsv/controllers/acs_analista.py: 29
[2023-05-24 01:32:24] DELETE gmsv/views/acs_analista.html: -3
[2023-05-24 01:35:13] EDIT gmsv/controllers/acs_analista.py: -2
[2023-05-24 01:35:32] CREATE acs_analista/index.html: 0
[2023-05-24 01:39:27] EDIT gmsv/views/acs_analista/index.html: 153
[2023-05-24 01:40:03] EDIT gmsv/views/acs_analista/index.html: 0
[2023-05-24 01:40:16] EDIT gmsv/views/acs_analista/index.html: 0
[2023-05-24 01:40:17] EDIT gmsv/views/acs_analista/index.html: 0
[2023-05-24 01:40:57] EDIT gmsv/views/acs_analista/index.html: 0
[2023-05-24 01:41:31] EDIT gmsv/controllers/acs_empresa.py: 0
[2023-05-24 01:42:14] EDIT gmsv/views/acs_empresa/index.html: 0
[2023-05-24 01:44:50] EDIT gmsv/views/acs_empresa/index.html: -1
[2023-05-24 01:45:52] EDIT gmsv/views/acs_empresa/index.html: -1
[2023-05-24 01:48:06] EDIT gmsv/views/acs_sistema/relatorio.html: 0
[2023-05-24 02:12:31] EDIT gmsv/models/dicionario.py: 1
[2023-05-24 02:12:39] EDIT gmsv/models/dicionario.py: 0
[2023-05-24 02:14:15] EDIT gmsv/models/validadores_registro.py: 1
[2023-05-24 02:14:20] EDIT gmsv/models/validadores_registro.py: 0
[2023-05-24 02:15:30] EDIT gmsv/models/validadores_registro.py: 59
[2023-05-24 02:16:33] EDIT gmsv/models/validadores_registro.py: 2
[2023-05-24 02:18:19] CREATE relatorio/1008.html: 0
[2023-05-24 02:19:10] EDIT gmsv/controllers/acs_registro_atividade.py: 0
[2023-05-24 02:28:32] EDIT gmsv/views/acs_empresa/index.html: 0
[2023-05-24 02:31:29] EDIT gmsv/controllers/acs_registro_atividade.py: 0
[2023-05-24 02:36:33] EDIT gmsv/controllers/acs_registro_atividade.py: 4
[2023-05-24 02:37:15] EDIT gmsv/controllers/acs_registro_atividade.py: 0
[2023-05-24 02:39:23] EDIT gmsv/controllers/acs_registro_atividade.py: 0
[2023-05-24 02:39:45] EDIT gmsv/controllers/acs_registro_atividade.py: 0
[2023-05-24 02:40:40] EDIT gmsv/controllers/acs_registro_atividade.py: 3
[2023-05-24 02:41:03] EDIT gmsv/views/acs_empresa/index.html: -1
[2023-05-24 23:37:29] CREATE pagina_inicial.html: 0
[2023-05-24 23:37:45] EDIT gmsv/views/pagina_inicial.html: 212
[2023-05-24 23:41:10] CREATE css/styles.html: 0
[2023-05-24 23:41:23] EDIT gmsv/static/css/styles.html: 9635
[2023-05-24 23:41:58] EDIT gmsv/views/acs_empresa/index.html: 0
[2023-05-24 23:42:11] EDIT gmsv/views/acs_empresa/index.html: 0
[2023-05-24 23:42:21] EDIT gmsv/views/default/index.html: 0
[2023-05-24 23:42:47] EDIT gmsv/views/default/index.html: 0
[2023-05-24 23:42:48] EDIT gmsv/views/default/index.html: 0
[2023-05-24 23:44:20] CREATE css/stalys.css: 0
[2023-05-24 23:44:33] EDIT gmsv/static/css/stalys.css: 9635
[2023-05-24 23:45:18] EDIT gmsv/views/pagina_inicial.html: 0
[2023-05-24 23:45:45] EDIT gmsv/views/pagina_inicial.html: 0
[2023-05-24 23:46:26] EDIT gmsv/views/pagina_inicial.html: 0
[2023-05-24 23:46:43] EDIT gmsv/views/pagina_inicial.html: 0
[2023-05-24 23:46:57] EDIT gmsv/views/pagina_inicial.html: 0
[2023-05-24 23:47:13] EDIT gmsv/views/default/index.html: -21
[2023-05-24 23:47:52] EDIT gmsv/views/pagina_inicial.html: 0
[2023-05-24 23:54:02] EDIT gmsv/views/pagina_inicial.html: 0
[2023-05-24 23:54:50] EDIT gmsv/views/layout.html: 0
[2023-05-24 23:55:27] EDIT gmsv/views/layout.html: 0
[2023-05-24 23:55:41] EDIT gmsv/views/layout.html: 0
[2023-05-24 23:58:10] EDIT gmsv/views/layout.html: 0
[2023-05-24 23:59:36] EDIT gmsv/views/layout.html: 1
[2023-05-25 00:00:07] EDIT gmsv/views/layout.html: 0
[2023-05-25 00:00:16] EDIT gmsv/views/layout.html: -1
[2023-05-25 00:00:28] EDIT gmsv/views/layout.html: 0
[2023-05-25 00:00:42] EDIT gmsv/views/layout.html: 0
[2023-05-25 00:00:55] EDIT gmsv/views/layout.html: 0
[2023-05-25 00:46:19] EDIT gmsv/models/db1.py: 1
[2023-05-25 00:50:57] EDIT gmsv/models/funcoes.py: 10
[2023-05-25 00:51:22] EDIT gmsv/models/funcoes.py: 0
[2023-05-25 00:51:52] EDIT gmsv/views/acs_sistema/relatorio.html: 1
[2023-05-25 00:52:16] EDIT gmsv/models/funcoes.py: 0
[2023-05-25 00:52:56] EDIT gmsv/views/acs_sistema/relatorio.html: 0
[2023-05-25 00:53:04] EDIT gmsv/views/acs_sistema/relatorio.html: 0
[2023-05-25 00:53:18] EDIT gmsv/views/acs_sistema/relatorio.html: 0
[2023-05-25 00:53:36] EDIT gmsv/views/acs_sistema/relatorio.html: 0
[2023-05-25 00:55:02] EDIT gmsv/views/acs_sistema/relatorio.html: 2
[2023-05-25 00:55:17] EDIT gmsv/views/acs_sistema/relatorio.html: 0
[2023-05-25 00:55:36] EDIT gmsv/views/acs_sistema/relatorio.html: 0
[2023-05-25 00:55:47] EDIT gmsv/views/acs_sistema/relatorio.html: 0
[2023-05-25 00:56:54] EDIT gmsv/models/db1.py: 0
[2023-05-25 00:58:08] EDIT gmsv/models/funcoes.py: 0
[2023-05-25 00:58:23] EDIT gmsv/views/acs_sistema/relatorio.html: 1
[2023-05-25 00:58:41] EDIT gmsv/views/acs_sistema/relatorio.html: -1
[2023-05-25 00:59:05] EDIT gmsv/models/funcoes.py: 2
[2023-05-25 00:59:32] EDIT gmsv/models/funcoes.py: -1
[2023-05-25 01:00:05] EDIT gmsv/models/funcoes.py: 0
[2023-05-25 01:00:26] EDIT gmsv/models/funcoes.py: 0
[2023-05-25 01:00:33] EDIT gmsv/models/funcoes.py: 0
[2023-05-25 01:00:38] EDIT gmsv/views/acs_sistema/relatorio.html: 1
[2023-05-25 01:00:48] EDIT gmsv/views/acs_sistema/relatorio.html: -1
[2023-05-25 01:01:01] EDIT gmsv/models/funcoes.py: 0
[2023-05-25 01:01:41] EDIT gmsv/models/funcoes.py: 1
[2023-05-25 01:02:00] EDIT gmsv/models/funcoes.py: -1
[2023-05-25 01:02:10] EDIT gmsv/models/funcoes.py: 0
[2023-05-25 01:03:44] EDIT gmsv/models/funcoes.py: 0
[2023-05-25 01:04:00] EDIT gmsv/models/funcoes.py: 0
[2023-05-25 01:04:18] EDIT gmsv/models/funcoes.py: 0
[2023-05-25 01:04:23] EDIT gmsv/models/funcoes.py: 0
[2023-05-25 01:04:46] EDIT gmsv/models/funcoes.py: 1
[2023-05-25 01:05:45] EDIT gmsv/models/funcoes.py: 0
[2023-05-25 01:06:49] EDIT gmsv/models/funcoes.py: -1
[2023-05-25 01:07:06] EDIT gmsv/models/funcoes.py: 0
[2023-05-25 01:07:15] EDIT gmsv/models/funcoes.py: -1
[2023-05-25 01:07:18] EDIT gmsv/views/acs_sistema/relatorio.html: 1
[2023-05-25 01:07:30] EDIT gmsv/models/funcoes.py: 0
[2023-05-25 01:08:16] EDIT gmsv/models/funcoes.py: 1
[2023-05-25 01:08:34] EDIT gmsv/models/funcoes.py: 0
[2023-05-25 01:08:53] EDIT gmsv/models/funcoes.py: 0
[2023-05-25 01:09:17] EDIT gmsv/models/funcoes.py: 0
[2023-05-25 01:09:33] EDIT gmsv/views/acs_sistema/relatorio.html: 0
[2023-05-25 01:10:57] EDIT gmsv/views/acs_sistema/relatorio.html: 0
[2023-05-25 01:11:28] EDIT gmsv/models/funcoes.py: 1
[2023-05-25 01:13:25] EDIT gmsv/models/funcoes.py: 1
[2023-05-25 01:14:09] EDIT gmsv/models/funcoes.py: -1
[2023-05-25 01:14:12] EDIT gmsv/models/funcoes.py: -1
[2023-05-25 01:15:38] EDIT gmsv/models/funcoes.py: 0
[2023-05-25 01:16:03] EDIT gmsv/models/funcoes.py: -1
[2023-05-25 01:18:22] EDIT gmsv/views/acs_sistema/relatorio.html: 7
[2023-05-25 01:18:41] EDIT gmsv/views/acs_sistema/relatorio.html: 0
[2023-05-25 01:20:45] EDIT gmsv/views/acs_empresa/index.html: 0
[2023-05-25 01:28:10] EDIT gmsv/models/db1.py: 0
[2023-05-25 01:30:08] EDIT gmsv/models/funcoes.py: 8
[2023-05-25 01:30:34] EDIT gmsv/models/funcoes.py: 0
[2023-05-25 01:30:41] EDIT gmsv/models/funcoes.py: 0
[2023-05-25 01:32:29] EDIT gmsv/models/funcoes.py: 0
[2023-05-25 01:33:28] EDIT gmsv/models/funcoes.py: 0
[2023-05-25 01:33:52] EDIT gmsv/models/funcoes.py: 0
[2023-05-25 01:34:00] EDIT gmsv/views/acs_sistema/relatorio.html: 1
[2023-05-25 01:34:23] EDIT gmsv/models/funcoes.py: 0
[2023-05-25 01:35:09] EDIT gmsv/models/funcoes.py: 3
[2023-05-25 01:40:54] EDIT gmsv/models/funcoes.py: 0
[2023-05-25 01:41:14] EDIT gmsv/controllers/acs_registro_atividade.py: 0
[2023-05-25 01:46:31] EDIT gmsv/controllers/acs_registro_atividade.py: 0
[2023-05-25 01:46:52] EDIT gmsv/controllers/acs_registro_atividade.py: 0
[2023-05-25 01:49:41] EDIT gmsv/controllers/acs_registro_atividade.py: 0
[2023-05-25 01:51:01] EDIT gmsv/views/acs_registro_atividade/index.html: 8
[2023-05-25 01:51:16] EDIT gmsv/views/acs_registro_atividade/index.html: 0
[2023-05-25 01:52:49] EDIT gmsv/views/acs_registro_atividade/index.html: 4
[2023-05-25 01:53:46] EDIT gmsv/views/acs_registro_atividade/index.html: 0
[2023-05-25 01:53:48] EDIT gmsv/views/acs_registro_atividade/index.html: 0
[2023-05-25 01:54:37] EDIT gmsv/views/acs_registro_atividade/index.html: 0
[2023-05-25 01:55:04] EDIT gmsv/views/acs_registro_atividade/index.html: 0
[2023-05-25 01:55:21] EDIT gmsv/views/acs_registro_atividade/index.html: 0
[2023-05-25 01:55:45] EDIT gmsv/controllers/acs_registro_atividade.py: 0
[2023-05-25 01:55:53] EDIT gmsv/controllers/acs_registro_atividade.py: 0
[2023-05-25 01:56:11] EDIT gmsv/controllers/acs_registro_atividade.py: 0
[2023-05-25 01:56:14] EDIT gmsv/controllers/acs_registro_atividade.py: 0
[2023-05-25 01:56:27] EDIT gmsv/controllers/acs_registro_atividade.py: 0
[2023-05-25 01:56:54] EDIT gmsv/controllers/acs_registro_atividade.py: 0
[2023-05-25 01:56:59] EDIT gmsv/controllers/acs_registro_atividade.py: 0
[2023-05-25 01:57:13] EDIT gmsv/controllers/acs_registro_atividade.py: 0
[2023-05-25 01:57:44] EDIT gmsv/controllers/acs_registro_atividade.py: 0
[2023-05-25 03:30:03] EDIT gmsv/models/db1.py: 1
[2023-05-25 03:32:28] EDIT gmsv/controllers/acs_sistema.py: 3
[2023-05-25 03:32:39] EDIT gmsv/controllers/acs_sistema.py: 3
[2023-05-25 03:34:53] EDIT gmsv/views/acs_cliente/index.html: 0
[2023-05-25 03:35:13] EDIT gmsv/views/acs_cliente/index.html: 0
[2023-05-25 03:38:07] EDIT gmsv/controllers/acs_sistema.py: 29
[2023-05-25 03:38:21] CREATE acs_sistema/acessar_cliente.html: 0
[2023-05-25 03:40:53] EDIT gmsv/views/acs_sistema/acessar_cliente.html: 184
[2023-05-25 03:46:27] EDIT gmsv/views/acs_sistema/acessar_cliente.html: 0
[2023-05-25 03:48:08] EDIT gmsv/controllers/acs_sistema.py: 23
[2023-05-25 03:48:28] EDIT gmsv/controllers/acs_sistema.py: 0
[2023-05-29 01:54:14] EDIT gmev/views/acs_empresa/index.html: 1
[2023-05-29 01:55:53] EDIT gmev/views/acs_empresa/index.html: 0
[2023-05-29 23:07:59] EDIT gmev/models/menu.py: 0
[2023-05-29 23:09:09] EDIT gmev/models/menu.py: 7
[2023-05-29 23:11:21] EDIT gmev/models/menu.py: -4
[2023-05-29 23:11:33] EDIT gmev/models/menu.py: 1
[2023-05-29 23:11:35] EDIT gmev/models/menu.py: 0
[2023-05-29 23:12:04] EDIT gmev/models/menu.py: 0
[2023-05-29 23:12:40] EDIT gmev/models/menu.py: -1
[2023-05-29 23:12:43] EDIT gmev/models/menu.py: -1
[2023-05-29 23:14:16] EDIT gmev/models/menu.py: -1
[2023-05-29 23:15:01] EDIT gmev/views/acs_empresa/index.html: -41
[2023-05-29 23:15:09] EDIT gmev/views/acs_empresa/index.html: -1
[2023-05-29 23:15:49] EDIT gmev/views/acs_empresa/index.html: 0
[2023-05-29 23:16:49] EDIT gmev/views/acs_empresa/index.html: 0
[2023-05-29 23:17:02] EDIT gmev/views/acs_empresa/index.html: 0
[2023-05-29 23:18:03] EDIT gmev/views/acs_empresa/index.html: 3
[2023-05-29 23:18:19] EDIT gmev/views/acs_empresa/index.html: 0
[2023-05-29 23:18:59] EDIT gmev/views/acs_empresa/index.html: -33
[2023-05-29 23:19:50] EDIT gmev/views/acs_empresa/index.html: 0
[2023-05-29 23:20:05] EDIT gmev/views/acs_empresa/index.html: 0
[2023-05-29 23:20:21] EDIT gmev/views/acs_empresa/index.html: 0
[2023-05-29 23:20:52] EDIT gmev/views/acs_empresa/index.html: 0
[2023-05-29 23:21:07] EDIT gmev/views/acs_empresa/index.html: 0
[2023-05-29 23:21:27] EDIT gmev/views/acs_empresa/index.html: 0
[2023-05-29 23:21:32] EDIT gmev/views/acs_empresa/index.html: 0
[2023-05-29 23:22:29] EDIT gmev/views/acs_empresa/index.html: 0
[2023-05-29 23:23:14] EDIT gmev/views/acs_empresa/index.html: 1
[2023-05-29 23:23:32] EDIT gmev/views/acs_empresa/index.html: -1
[2023-05-29 23:24:02] EDIT gmev/views/acs_empresa/index.html: 2
[2023-05-29 23:24:33] EDIT gmev/views/acs_empresa/index.html: 0
[2023-05-29 23:24:59] EDIT gmev/views/acs_empresa/index.html: 0
[2023-05-29 23:25:32] EDIT gmev/views/acs_empresa/index.html: 0
[2023-05-29 23:25:48] EDIT gmev/views/acs_empresa/index.html: 0
[2023-05-29 23:26:04] EDIT gmev/views/acs_empresa/index.html: 0
[2023-05-29 23:26:17] EDIT gmev/views/acs_empresa/index.html: 0
[2023-05-29 23:27:05] EDIT gmev/views/acs_empresa/index.html: 2
[2023-05-29 23:27:58] EDIT gmev/models/menu.py: 1
[2023-05-29 23:29:51] EDIT gmev/models/db2.py: 1
[2023-05-29 23:30:27] EDIT gmev/models/db2.py: 2
[2023-05-29 23:32:48] EDIT gmev/controllers/acs_registro_atividade.py: 6
[2023-05-29 23:33:53] EDIT gmev/controllers/acs_registro_atividade.py: 0
[2023-05-29 23:34:06] EDIT gmev/controllers/acs_registro_atividade.py: 0
[2023-05-29 23:34:27] EDIT gmev/controllers/acs_registro_atividade.py: 0
[2023-05-29 23:34:52] EDIT gmev/controllers/acs_registro_atividade.py: 1
[2023-05-29 23:37:10] EDIT gmev/models/validadores_registro.py: 30
[2023-05-29 23:37:47] EDIT gmev/controllers/acs_registro_atividade.py: 0
[2023-05-29 23:38:39] EDIT gmev/models/validadores_registro.py: 0
[2023-05-29 23:39:17] EDIT gmev/models/validadores_registro.py: 2
[2023-05-29 23:39:37] EDIT gmev/models/validadores_registro.py: 1
[2023-05-29 23:39:54] EDIT gmev/models/validadores_registro.py: 0
[2023-05-29 23:40:57] EDIT gmev/models/db2.py: 0
[2023-05-29 23:41:40] EDIT gmev/models/db2.py: 0
[2023-05-29 23:47:57] EDIT gmev/views/acs_empresa/index.html: -1
[2023-05-29 23:53:56] EDIT gmev/models/funcao_email.py: 0
[2023-05-29 23:54:01] EDIT gmev/views/acs_empresa/index.html: 1
[2023-05-29 23:54:27] EDIT gmev/views/acs_empresa/index.html: -1
[2023-05-29 23:58:54] EDIT gmev/controllers/acs_registro_atividade.py: 0
[2023-05-29 23:59:36] EDIT gmev/controllers/acs_registro_atividade.py: 1
[2023-05-30 00:00:13] EDIT gmev/controllers/acs_registro_atividade.py: 0
[2023-05-30 00:00:20] EDIT gmev/controllers/acs_registro_atividade.py: 1
[2023-05-30 00:10:47] EDIT gmev/models/funcao_email.py: 9
[2023-05-30 00:12:09] EDIT gmev/models/funcao_email.py: 0
[2023-05-30 00:14:18] EDIT gmev/models/funcao_email.py: 1
[2023-05-30 00:19:38] EDIT gmev/models/funcao_email.py: 0
[2023-05-30 00:21:46] EDIT gmev/models/funcao_email.py: 0
[2023-05-30 00:33:36] EDIT gmev/models/funcao_email.py: 13
[2023-05-30 00:38:16] EDIT gmev/models/funcao_email.py: 0
[2023-05-30 00:41:49] EDIT gmev/models/funcao_email.py: 1
[2023-05-30 00:42:47] EDIT gmev/models/funcao_email.py: 0
[2023-05-30 00:44:09] EDIT gmev/models/funcao_email.py: -2
[2023-05-30 00:47:41] EDIT gmev/views/acs_usuario/index.html: 0
[2023-05-30 00:50:38] EDIT gmev/controllers/acs_registro_atividade.py: 1
[2023-05-30 00:51:05] EDIT gmev/controllers/acs_registro_atividade.py: 1
[2023-05-30 00:51:20] EDIT gmev/models/funcao_email.py: 0
[2023-05-30 00:51:44] EDIT gmev/models/funcao_email.py: 0
[2023-05-30 00:52:30] EDIT gmev/models/funcao_email.py: 3
[2023-05-30 00:54:13] EDIT gmev/models/funcao_email.py: -2
[2023-05-30 00:55:17] EDIT gmev/controllers/acs_registro_atividade.py: -2
[2023-05-30 00:56:48] EDIT gmev/models/funcao_email.py: 0
[2023-05-30 01:09:06] EDIT gmev/controllers/acs_usuario.py: 7
[2023-05-30 01:09:25] EDIT gmev/controllers/acs_usuario.py: 0
[2023-05-30 01:10:46] EDIT gmev/controllers/acs_usuario.py: 0
[2023-05-30 01:11:10] EDIT gmev/controllers/acs_usuario.py: 1
[2023-05-30 01:11:27] EDIT gmev/controllers/acs_usuario.py: 1
[2023-05-30 01:39:22] EDIT gmev/controllers/acs_usuario.py: 0
[2023-05-30 01:42:38] EDIT gmev/controllers/acs_usuario.py: 0
[2023-05-30 01:43:08] EDIT gmev/views/acs_usuario/index.html: 2
[2023-05-30 01:44:40] EDIT gmev/controllers/acs_usuario.py: 3
[2023-05-30 01:45:09] EDIT gmev/controllers/acs_usuario.py: 1
[2023-05-30 01:45:30] EDIT gmev/controllers/acs_usuario.py: 0
[2023-05-30 01:45:38] EDIT gmev/controllers/acs_usuario.py: 0
[2023-05-30 01:45:58] EDIT gmev/controllers/acs_usuario.py: -1
[2023-05-30 01:46:02] EDIT gmev/controllers/acs_usuario.py: 1
[2023-05-30 01:46:42] EDIT gmev/controllers/acs_usuario.py: 4
[2023-05-30 01:48:50] EDIT gmev/views/acs_usuario/index.html: 7
[2023-05-30 01:49:19] EDIT gmev/views/acs_usuario/index.html: 4
[2023-05-30 01:49:33] EDIT gmev/views/acs_usuario/index.html: 0
[2023-05-30 01:49:52] EDIT gmev/views/acs_usuario/index.html: 0
[2023-05-30 01:50:48] EDIT gmev/controllers/acs_usuario.py: 1
[2023-05-30 01:52:47] EDIT gmev/views/acs_usuario/index.html: 4
[2023-05-30 01:53:12] EDIT gmev/views/acs_usuario/index.html: 2
[2023-05-30 01:56:09] EDIT gmev/views/acs_cliente/index.html: 2
[2023-05-30 01:56:17] EDIT gmev/controllers/acs_cliente.py: 0
[2023-05-30 01:56:45] EDIT gmev/views/acs_cliente/index.html: 2
[2023-05-30 01:57:43] EDIT gmev/controllers/acs_cliente.py: 4
[2023-05-30 02:01:42] EDIT gmev/controllers/acs_sistema.py: 1
[2023-05-30 02:02:14] EDIT gmev/controllers/acs_sistema.py: 7
[2023-05-30 02:02:35] EDIT gmev/controllers/acs_sistema.py: 0
[2023-05-30 02:02:57] EDIT gmev/controllers/acs_sistema.py: 3
[2023-05-30 02:03:11] EDIT gmev/controllers/acs_sistema.py: -3
[2023-05-30 02:05:26] EDIT gmev/views/acs_sistema/index.html: 6
[2023-05-30 02:05:35] EDIT gmev/views/acs_sistema/index.html: 0
[2023-05-30 02:05:48] EDIT gmev/views/acs_sistema/index.html: 0
[2023-05-30 02:07:17] EDIT gmev/views/acs_sistema/index.html: 0
[2023-05-30 02:09:14] EDIT gmev/controllers/acs_sistema.py: 1
[2023-05-30 02:09:52] EDIT gmev/views/acs_sistema/index.html: 2
[2023-05-30 02:10:05] EDIT gmev/controllers/acs_sistema.py: 0
[2023-05-30 02:10:28] EDIT gmev/views/acs_sistema/index.html: 0
[2023-05-30 02:11:10] EDIT gmev/views/acs_sistema/index.html: 0
[2023-05-30 02:11:23] EDIT gmev/controllers/acs_sistema.py: -1
[2023-05-30 02:12:02] EDIT gmev/controllers/acs_sistema.py: 2
[2023-05-30 02:13:40] EDIT gmev/controllers/acs_registro_atividade.py: 1
[2023-05-30 02:13:56] EDIT gmev/controllers/acs_registro_atividade.py: 0
[2023-05-30 02:14:12] EDIT gmev/controllers/acs_registro_atividade.py: 0
[2023-05-30 02:14:37] EDIT gmev/controllers/acs_registro_atividade.py: 0
[2023-05-30 02:14:58] EDIT gmev/controllers/acs_registro_atividade.py: 1
[2023-05-30 02:15:12] EDIT gmev/controllers/acs_registro_atividade.py: 0
[2023-05-30 02:15:29] EDIT gmev/controllers/acs_registro_atividade.py: 2
[2023-05-30 02:16:44] EDIT gmev/controllers/acs_registro_atividade.py: 0
[2023-05-30 02:17:45] EDIT gmev/models/db2.py: 1
[2023-05-30 02:19:27] EDIT gmev/controllers/acs_registro_atividade.py: 9
[2023-05-30 02:22:26] EDIT gmev/models/funcao_email.py: 24
[2023-05-30 02:23:16] EDIT gmev/controllers/acs_registro_atividade.py: 2
[2023-05-30 02:24:34] EDIT gmev/controllers/acs_registro_atividade.py: 0
[2023-05-30 02:24:53] EDIT gmev/controllers/acs_registro_atividade.py: 0
[2023-05-30 02:26:48] EDIT gmev/controllers/acs_registro_atividade.py: 0
[2023-05-30 02:27:24] EDIT gmev/models/funcao_email.py: 0
[2023-05-30 02:27:31] EDIT gmev/models/funcao_email.py: 0
[2023-05-30 02:28:36] EDIT gmev/models/funcao_email.py: 0
[2023-05-30 02:31:35] EDIT gmev/views/acs_empresa/index.html: 2
[2023-05-30 02:37:02] EDIT gmev/models/db2.py: 1
[2023-05-30 02:39:11] EDIT gmev/models/funcoes.py: 14
[2023-05-30 02:39:41] EDIT gmev/models/funcoes.py: 1
[2023-05-30 02:48:33] EDIT gmev/models/funcoes.py: 0
[2023-05-30 02:48:44] EDIT gmev/models/funcoes.py: 0
[2023-05-30 02:49:17] EDIT gmev/views/acs_empresa/index.html: 1
[2023-05-30 02:49:27] EDIT gmev/views/acs_empresa/index.html: 0
[2023-05-30 02:50:04] EDIT gmev/views/acs_empresa/index.html: 0
[2023-05-30 02:51:57] EDIT gmev/views/acs_empresa/index.html: 3
[2023-05-30 02:53:24] EDIT gmev/models/funcoes.py: 4
[2023-05-30 02:54:14] EDIT gmev/models/funcoes.py: -4
[2023-05-30 02:55:10] EDIT gmev/models/funcoes.py: 0
[2023-05-30 02:55:15] EDIT gmev/models/funcoes.py: 0
[2023-05-30 02:55:32] EDIT gmev/models/funcoes.py: 0
[2023-05-30 02:56:04] EDIT gmev/models/funcoes.py: 0
[2023-05-30 02:56:26] EDIT gmev/models/funcoes.py: 0
[2023-06-01 00:29:36] EDIT gmev/views/layout.html: 0
[2023-06-01 00:31:17] EDIT gmev/views/layout.html: -1
[2023-06-01 00:33:52] EDIT gmev/views/layout.html: 2
[2023-06-01 00:35:22] EDIT gmev/views/layout.html: 0
[2023-06-01 00:36:25] EDIT gmev/views/layout.html: 1
[2023-06-01 00:36:55] EDIT gmev/views/layout.html: 0
[2023-06-01 00:37:45] EDIT gmev/views/layout.html: 0
[2023-06-01 00:45:34] EDIT gmev/views/default/user.html: 2
[2023-06-01 00:45:58] EDIT gmev/views/default/user.html: -2
[2023-06-01 00:48:58] EDIT gmev/views/default/user.html: 0
[2023-06-01 00:49:14] EDIT gmev/views/default/user.html: 0
[2023-06-01 00:49:41] EDIT gmev/views/default/user.html: 0
[2023-06-01 00:50:10] EDIT gmev/views/default/user.html: 0
[2023-06-01 01:16:42] EDIT gmev/views/default/user.html: 0
[2023-06-15 02:43:06] EDIT gmev/views/layout.html: 0
[2023-06-15 02:43:56] EDIT gmev/views/layout.html: 0
[2023-06-23 14:44:48] EDIT gmev/views/layout.html: 0
[2023-06-23 14:45:10] EDIT gmev/views/layout.html: 0
[2023-06-23 14:51:15] EDIT gmev/views/layout.html: 0
[2023-06-23 14:52:22] EDIT gmev/views/layout.html: 0
[2023-06-23 14:53:23] EDIT gmev/views/pagina_inicial.html: 0
[2023-06-23 14:53:42] EDIT gmev/views/pagina_inicial.html: 0
[2023-06-23 14:54:03] EDIT gmev/views/pagina_inicial.html: 0
[2023-06-23 14:54:37] EDIT gmev/views/pagina_inicial.html: 0
[2023-06-23 16:38:46] EDIT gmev/views/acs_cliente/index.html: 3
[2023-06-23 16:39:38] CREATE acs_usuario_cliente.py: 0
[2023-06-23 16:40:02] CREATE acs_usuario_cliente/index.html: 0
[2023-06-23 16:42:33] EDIT gmev/controllers/acs_usuario_cliente.py: 147
[2023-06-23 16:44:11] EDIT gmev/views/acs_usuario_cliente/index.html: 186
[2023-06-23 16:45:16] EDIT gmev/views/acs_usuario_cliente/index.html: -2
[2023-06-23 16:45:50] EDIT gmev/controllers/acs_usuario_cliente.py: 0
[2023-06-23 17:06:54] EDIT gmev/controllers/acs_usuario_cliente.py: 1
[2023-06-23 17:07:38] EDIT gmev/models/db.py: 0
[2023-06-23 17:08:32] EDIT gmev/models/db.py: 0
[2023-06-23 17:10:30] EDIT gmev/controllers/acs_usuario_cliente.py: -1
[2023-06-23 17:10:57] EDIT gmev/controllers/acs_usuario_cliente.py: 1
[2023-06-23 17:13:28] EDIT gmev/controllers/acs_usuario_cliente.py: 0
[2023-06-23 17:13:48] EDIT gmev/models/db.py: 0
[2023-06-23 17:14:01] EDIT gmev/models/db.py: 0
[2023-06-23 17:15:53] EDIT gmev/controllers/acs_usuario_cliente.py: 1
[2023-06-23 17:17:50] EDIT gmev/controllers/acs_usuario_cliente.py: -2
[2023-06-23 17:18:11] CREATE acs_usuario_cliente/registros_atividade.html: 0
[2023-06-23 17:18:26] EDIT gmev/views/acs_usuario_cliente/registros_atividade.html: 155
[2023-06-26 18:04:59] EDIT gmev/views/web2py_ajax.html: 1
[2023-06-26 18:10:20] EDIT gmev/views/generic.html: 1
[2023-06-26 18:11:53] EDIT gmev/views/generic.html: 0
[2023-06-26 18:31:40] EDIT gmev/models/db.py: 0
[2023-06-26 18:34:22] EDIT gmev/models/db1.py: 1
[2023-06-26 18:35:56] EDIT gmev/views/acs_sistema/index.html: 4
[2023-06-26 18:36:21] EDIT gmev/views/acs_sistema/index.html: 1
[2023-06-26 18:36:42] EDIT gmev/views/acs_sistema/index.html: 0
[2023-06-26 18:37:00] EDIT gmev/views/acs_sistema/index.html: -1
[2023-06-26 18:37:19] EDIT gmev/models/db1.py: 0
[2023-06-26 18:37:24] EDIT gmev/models/db1.py: 0
[2023-06-26 18:39:08] EDIT gmev/controllers/acs_registro_atividade.py: 0
[2023-06-26 18:39:13] EDIT gmev/controllers/acs_registro_atividade.py: 0
[2023-06-26 18:39:29] EDIT gmev/controllers/acs_registro_atividade.py: 0
[2023-06-26 18:40:07] EDIT gmev/controllers/acs_registro_atividade.py: 0
[2023-06-26 18:40:22] EDIT gmev/controllers/acs_registro_atividade.py: 0
[2023-06-26 18:40:38] EDIT gmev/controllers/acs_registro_atividade.py: 0
[2023-06-26 18:41:14] EDIT gmev/controllers/acs_registro_atividade.py: 0
[2023-06-26 18:42:07] EDIT gmev/controllers/acs_registro_atividade.py: 0
[2023-06-26 19:20:39] EDIT gmev/views/acs_sistema/index.html: 0
[2023-06-26 19:27:44] EDIT gmev/views/layout.html: 0
[2023-06-26 19:35:27] EDIT gmev/views/acs_sistema/acessar_cliente.html: 0
[2023-06-26 19:38:56] EDIT gmev/controllers/acs_sistema.py: 9
[2023-06-26 19:40:32] EDIT gmev/controllers/acs_sistema.py: 0
[2023-06-26 19:40:57] CREATE acs_sistema/acessar_sistema.html: 0
[2023-06-26 19:47:33] EDIT gmev/views/acs_sistema/acessar_sistema.html: 39
[2023-06-26 19:49:03] EDIT gmev/views/acs_sistema/acessar_sistema.html: 0
[2023-06-26 19:50:01] EDIT gmev/views/acs_sistema/acessar_sistema.html: 0
[2023-06-26 19:51:22] EDIT gmev/views/acs_sistema/acessar_sistema.html: -8
[2023-06-27 00:22:29] EDIT gmev/views/acs_sistema/acessar_sistema.html: 4
[2023-06-27 00:23:08] EDIT gmev/views/acs_sistema/acessar_sistema.html: -1
[2023-06-27 00:23:23] EDIT gmev/views/acs_sistema/acessar_sistema.html: 0
[2023-06-27 00:23:44] EDIT gmev/views/acs_sistema/acessar_sistema.html: 1
[2023-06-27 00:24:58] EDIT gmev/views/acs_sistema/acessar_sistema.html: 0
[2023-06-27 00:26:40] EDIT gmev/views/acs_sistema/acessar_sistema.html: 0
[2023-06-27 00:28:28] EDIT gmev/controllers/acs_sistema.py: 30
[2023-06-27 00:29:17] CREATE acs_sistema/lista_registros.html: 0
[2023-06-27 00:29:27] EDIT gmev/views/acs_sistema/lista_registros.html: 190
[2023-06-27 00:30:33] EDIT gmev/views/acs_sistema/lista_registros.html: 0
[2023-06-27 00:30:46] EDIT gmev/controllers/acs_sistema.py: 0
[2023-06-27 00:31:09] EDIT gmev/controllers/acs_sistema.py: 0
[2023-06-27 00:32:03] EDIT gmev/controllers/acs_sistema.py: 0
[2023-06-27 00:33:12] EDIT gmev/controllers/acs_sistema.py: 0
[2023-06-27 00:33:34] EDIT gmev/controllers/acs_sistema.py: 0
[2023-06-27 00:34:06] EDIT gmev/views/acs_sistema/lista_registros.html: 0
[2023-06-27 00:35:54] EDIT gmev/controllers/acs_sistema.py: 33
[2023-06-27 00:36:26] EDIT gmev/controllers/acs_sistema.py: 0
[2023-06-27 00:37:46] EDIT gmev/controllers/acs_sistema.py: 0
[2023-06-27 00:37:59] EDIT gmev/controllers/acs_sistema.py: 0
[2023-06-27 00:38:11] EDIT gmev/controllers/acs_sistema.py: 0
[2023-06-27 00:39:09] EDIT gmev/controllers/acs_sistema.py: 8
[2023-06-27 00:39:59] EDIT gmev/controllers/acs_sistema.py: 2
[2023-06-27 00:40:00] EDIT gmev/controllers/acs_sistema.py: 0
[2023-06-27 00:40:35] EDIT gmev/controllers/acs_sistema.py: 0
[2023-06-27 00:41:34] EDIT gmev/controllers/acs_sistema.py: -10
[2023-06-27 00:42:04] EDIT gmev/controllers/acs_sistema.py: 0
[2023-06-27 00:42:42] EDIT gmev/controllers/acs_sistema.py: 0
[2023-06-27 00:43:04] EDIT gmev/controllers/acs_sistema.py: 0
[2023-06-27 00:43:06] EDIT gmev/controllers/acs_sistema.py: 0
[2023-06-27 00:43:39] EDIT gmev/controllers/acs_sistema.py: 0
[2023-06-27 00:45:24] EDIT gmev/controllers/acs_sistema.py: 0
[2023-06-27 00:46:48] EDIT gmev/views/acs_sistema/lista_registros.html: 0
[2023-06-27 00:47:31] EDIT gmev/controllers/acs_registro_atividade.py: 0
[2023-06-27 00:47:36] EDIT gmev/controllers/acs_sistema.py: 125
[2023-06-27 00:48:11] EDIT gmev/controllers/acs_sistema.py: 0
[2023-06-27 00:51:57] EDIT gmev/controllers/acs_sistema.py: 0
[2023-06-27 00:54:14] EDIT gmev/views/acs_sistema/lista_registros.html: 0
[2023-06-27 00:55:16] EDIT gmev/views/acs_sistema/lista_registros.html: 0
[2023-06-27 00:56:22] EDIT gmev/views/acs_sistema/lista_registros.html: 0
[2023-06-27 01:01:08] EDIT gmev/views/layout.html: 2
[2023-06-27 01:01:49] EDIT gmev/views/layout.html: 2
[2023-06-27 01:05:53] EDIT gmev/models/db.py: 1
[2023-06-28 12:38:25] EDIT gmev/controllers/acs_empresa.py: 2
[2023-06-28 12:39:44] EDIT gmev/controllers/acs_empresa.py: 0
[2023-06-28 12:40:02] EDIT gmev/controllers/acs_empresa.py: 0
[2023-07-01 14:16:39] EDIT gmev/views/layout.html: 1
[2023-07-01 14:17:47] EDIT gmev/controllers/acs_usuario.py: 1
[2023-07-01 14:18:39] EDIT gmev/controllers/acs_usuario.py: 3
[2023-07-01 14:20:13] EDIT gmev/controllers/acs_usuario.py: -3
[2023-07-01 14:20:59] EDIT gmev/controllers/acs_usuario.py: 0
[2023-07-01 14:30:42] EDIT gmev/views/acs_usuario_cliente/index.html: -2
[2023-07-01 14:31:29] EDIT gmev/views/acs_usuario_cliente/index.html: -11
[2023-07-01 14:42:57] EDIT gmev/views/layout.html: 0
[2023-07-01 14:43:15] EDIT gmev/controllers/acs_usuario.py: 0
[2023-07-01 16:36:37] CREATE acs_controle_acesso.py: 0
[2023-07-01 16:37:02] EDIT gmev/controllers/acs_controle_acesso.py: 1
[2023-07-01 16:37:44] EDIT gmev/controllers/acs_empresa.py: 0
[2023-07-01 16:38:21] CREATE acs_controle_acesso/analista_empresa.html: 0
[2023-07-01 16:38:35] EDIT gmev/views/acs_controle_acesso/analista_empresa.html: 22
[2023-07-01 16:39:43] EDIT gmev/controllers/acs_controle_acesso.py: 8
[2023-07-01 16:40:12] EDIT gmev/views/acs_controle_acesso/analista_empresa.html: 0
[2023-07-01 16:40:22] EDIT gmev/controllers/acs_controle_acesso.py: 1
[2023-07-01 16:40:52] EDIT gmev/views/acs_controle_acesso/analista_empresa.html: 0
[2023-07-01 16:41:12] EDIT gmev/views/acs_controle_acesso/analista_empresa.html: 0
[2023-07-01 16:41:25] EDIT gmev/views/acs_controle_acesso/analista_empresa.html: 0
[2023-07-01 16:42:56] EDIT gmev/views/acs_controle_acesso/analista_empresa.html: 13
[2023-07-01 16:44:33] EDIT gmev/views/acs_controle_acesso/analista_empresa.html: 0
[2023-07-01 16:45:04] EDIT gmev/views/acs_controle_acesso/analista_empresa.html: 0
[2023-07-05 18:39:13] EDIT gmev/models/funcoes.py: 0
[2023-07-05 18:40:50] EDIT gmev/views/acs_cliente/index.html: 2
[2023-07-05 18:41:13] EDIT gmev/views/acs_cliente/index.html: 0
[2023-07-05 18:44:37] EDIT gmev/views/acs_sistema/acessar_cliente.html: 2
[2023-07-05 18:45:02] EDIT gmev/controllers/acs_sistema.py: 0
[2023-07-05 18:45:58] EDIT gmev/controllers/acs_sistema.py: 0
[2023-07-05 18:48:17] EDIT gmev/views/acs_sistema/lista_registros.html: 2
[2023-07-05 18:49:47] EDIT gmev/views/acs_registro_atividade/gestao_risco.html: 2
[2023-07-05 18:50:08] EDIT gmev/controllers/acs_registro_atividade.py: 0
[2023-07-05 18:50:31] EDIT gmev/views/acs_registro_atividade/gestao_risco.html: 0
[2023-07-05 18:51:10] EDIT gmev/views/acs_registro_atividade/gestao_risco.html: 6
[2023-07-05 18:52:42] EDIT gmev/views/acs_sistema/index.html: 0
[2023-07-05 18:54:45] EDIT gmev/views/acs_controle_acesso/analista_empresa.html: 0
[2023-07-05 18:55:25] EDIT gmev/views/acs_controle_acesso/analista_empresa.html: 0
[2023-07-05 18:59:17] EDIT gmev/controllers/acs_registro_atividade.py: 25
[2023-07-05 18:59:37] CREATE acs_registro_atividade/especifica.html: 0
[2023-07-05 19:00:02] EDIT gmev/views/acs_registro_atividade/especifica.html: 155
[2023-07-05 19:00:16] EDIT gmev/views/acs_registro_atividade/especifica.html: 0
[2023-07-05 19:01:29] EDIT gmev/controllers/acs_registro_atividade.py: 0
[2023-07-05 19:03:01] EDIT gmev/models/menu.py: -5
[2023-07-05 19:06:23] EDIT gmev/views/acs_empresa/index.html: 18
[2023-07-05 19:06:44] EDIT gmev/views/acs_empresa/index.html: 0
[2023-07-05 19:07:09] EDIT gmev/views/acs_empresa/index.html: 0
[2023-07-05 19:09:36] EDIT gmev/views/acs_empresa/index.html: 10
[2023-07-05 19:09:50] EDIT gmev/views/acs_empresa/index.html: -1
[2023-07-05 19:20:35] EDIT gmev/controllers/acs_sistema.py: 0
[2023-07-05 19:23:14] EDIT gmev/controllers/acs_sistema.py: 0
[2023-07-05 19:23:26] EDIT gmev/controllers/acs_sistema.py: 0
[2023-07-05 19:23:41] EDIT gmev/controllers/acs_sistema.py: 0
[2023-07-24 06:58:59] EDIT gmev/models/dicionario.py: -2
[2023-07-24 07:01:01] EDIT gmev/models/dicionario.py: 2
[2023-07-24 07:01:44] EDIT gmev/models/funcoes.py: 0
[2023-07-24 07:02:37] EDIT gmev/models/funcoes.py: -1
[2023-07-24 07:03:58] EDIT gmev/models/funcoes.py: 0
[2023-07-24 07:08:51] EDIT gmev/models/funcoes.py: -3
[2023-07-24 07:09:13] EDIT gmev/models/funcoes.py: 0
[2023-07-24 07:09:43] EDIT gmev/models/menu.py: 1
[2023-07-24 07:11:24] EDIT gmev/models/validadores.py: 0
[2023-07-24 07:13:02] EDIT gmev/models/validadores.py: 2
[2023-07-24 07:15:29] EDIT gmev/models/validadores.py: -2
[2023-07-24 07:16:07] EDIT gmev/models/validadores.py: 2
[2023-07-24 07:18:31] EDIT gmev/models/validadores.py: 3
[2023-07-24 07:18:36] EDIT gmev/models/validadores.py: 0
[2023-07-24 07:19:42] EDIT gmev/views/acs_sistema/analise.html: 0
[2024-02-27 00:26:13] EDIT gmev/controllers/acs_sistema.py: 1
[2024-02-27 00:26:40] EDIT gmev/controllers/acs_sistema.py: 0
[2024-02-27 00:29:49] EDIT gmev/views/acs_registro_atividade/relatorio.html: 1
[2024-02-27 00:30:03] EDIT gmev/views/acs_registro_atividade/relatorio.html: 0
[2024-02-27 00:32:01] EDIT gmev/views/acs_registro_atividade/relatorio.html: -1
[2024-02-27 00:33:55] EDIT gmev/views/acs_registro_atividade/relatorio.html: 1
[2024-02-27 00:47:14] EDIT gmev/views/acs_registro_atividade/relatorio.html: -1
[2024-02-27 01:59:56] EDIT gmev/views/relatorio/1008.html: 55
[2024-02-27 02:07:57] EDIT gmev/views/relatorio/1008.html: 4
[2024-03-14 01:52:22] EDIT gmev/models/db2.py: 1
[2024-03-14 01:52:27] EDIT gmev/models/db2.py: 0
[2024-03-14 01:52:55] EDIT gmev/models/db2.py: 0
[2024-03-14 01:53:47] EDIT gmev/models/validadores_registro.py: 2
[2024-03-14 01:54:11] EDIT gmev/models/validadores_registro.py: 0
[2024-03-14 01:54:14] EDIT gmev/models/validadores_registro.py: 0
[2024-03-14 01:54:27] EDIT gmev/models/validadores_registro.py: 0
[2024-03-14 01:54:29] EDIT gmev/models/db2.py: 0
[2024-03-14 01:54:52] EDIT gmev/models/validadores_registro.py: -2
[2024-03-14 01:55:14] EDIT gmev/models/validadores_registro.py: 2
[2024-03-14 01:56:25] EDIT gmev/models/db2.py: 0
[2024-03-14 01:56:58] EDIT gmev/models/db2.py: 1
[2024-03-14 01:57:10] EDIT gmev/models/validadores_registro.py: 2
[2024-03-14 01:58:04] EDIT gmev/models/db2.py: 0
[2024-03-14 02:01:42] EDIT gmev/models/db2.py: 2
[2024-03-14 02:02:00] EDIT gmev/models/db2.py: 0
[2024-03-14 02:02:07] EDIT gmev/models/validadores_registro.py: 4
[2024-03-14 02:03:57] EDIT gmev/models/validadores_registro.py: 4
[2024-03-14 02:04:31] EDIT gmev/models/validadores_registro.py: 0
[2024-03-14 02:04:51] EDIT gmev/models/db2.py: 2
[2024-03-14 02:26:32] EDIT gmev/views/relatorio/1008.html: 0
[2024-03-14 02:27:15] EDIT gmev/views/relatorio/1008.html: 0
[2024-03-14 02:27:41] EDIT gmev/views/relatorio/1008.html: 0
[2024-03-14 02:27:50] EDIT gmev/views/relatorio/1008.html: 0
[2024-03-14 02:28:07] EDIT gmev/views/relatorio/1008.html: 0
[2024-03-14 02:28:12] EDIT gmev/views/relatorio/1008.html: 0
[2024-03-14 02:31:00] EDIT gmev/views/relatorio/1008.html: 2
[2024-03-14 02:31:10] EDIT gmev/views/relatorio/1008.html: 0
[2024-03-14 02:31:21] CREATE funcoes_relatorio.py: 0
[2024-03-14 02:33:17] EDIT gmev/models/funcoes_relatorio.py: 2
[2024-03-14 02:34:59] EDIT gmev/views/relatorio/1008.html: 48
[2024-03-14 02:35:25] EDIT gmev/views/relatorio/1008.html: 0
[2024-03-14 02:35:39] EDIT gmev/views/relatorio/1008.html: 0
[2024-03-14 02:37:12] EDIT gmev/views/relatorio/1008.html: 1
[2024-03-14 02:37:53] EDIT gmev/views/relatorio/1008.html: 0
[2024-03-14 02:38:26] EDIT gmev/views/relatorio/1008.html: 0
[2024-03-14 02:41:39] EDIT gmev/views/relatorio/1008.html: 0
[2024-03-14 02:42:08] EDIT gmev/views/relatorio/1008.html: 0
[2024-03-14 02:42:18] EDIT gmev/views/relatorio/1008.html: 0
[2024-03-14 02:43:18] EDIT gmev/views/relatorio/1008.html: 0
[2024-03-14 02:44:31] EDIT gmev/views/relatorio/1008.html: 8
[2024-03-14 02:44:53] EDIT gmev/views/relatorio/1008.html: -1
[2024-03-14 02:45:45] EDIT gmev/views/relatorio/1008.html: 1
[2024-03-14 02:46:11] EDIT gmev/views/relatorio/1008.html: 1
[2024-03-14 02:47:14] EDIT gmev/views/relatorio/1008.html: 1
[2024-03-14 02:47:28] EDIT gmev/views/relatorio/1008.html: -1
[2024-03-14 02:47:37] EDIT gmev/views/relatorio/1008.html: 1
[2024-03-14 02:48:17] EDIT gmev/views/relatorio/1008.html: 0
[2024-03-14 02:48:41] EDIT gmev/views/relatorio/1008.html: 0
[2024-03-14 02:49:11] EDIT gmev/views/relatorio/1008.html: 0
[2024-03-14 02:49:24] EDIT gmev/views/relatorio/1008.html: 0
[2024-03-14 02:49:28] EDIT gmev/views/relatorio/1008.html: 0
[2024-03-14 02:50:43] EDIT gmev/views/relatorio/1008.html: 0
[2024-03-14 02:51:36] EDIT gmev/views/relatorio/1008.html: 5
[2024-03-14 02:51:43] EDIT gmev/views/relatorio/1008.html: -15
[2024-03-14 02:52:27] EDIT gmev/views/relatorio/1008.html: 0
[2024-03-14 02:52:44] EDIT gmev/views/relatorio/1008.html: 0
[2024-03-14 02:53:43] EDIT gmev/views/relatorio/1008.html: 5
[2024-03-14 02:54:20] EDIT gmev/views/relatorio/1008.html: 4
[2024-03-14 02:55:28] EDIT gmev/models/db2.py: 0
[2024-03-14 02:57:00] EDIT gmev/views/relatorio/1008.html: 4
[2024-03-14 02:57:12] EDIT gmev/views/relatorio/1008.html: 0
[2024-03-14 02:57:20] EDIT gmev/models/funcoes_relatorio.py: 0
[2024-03-14 02:57:46] EDIT gmev/views/relatorio/1008.html: 2
[2024-03-14 02:58:03] EDIT gmev/views/relatorio/1008.html: 33
[2024-03-14 02:58:42] EDIT gmev/views/layout.html: 0
[2024-03-14 03:02:17] EDIT gmev/views/relatorio/1008.html: 106
[2024-03-14 03:03:14] EDIT gmev/views/relatorio/1008.html: -54
[2024-03-14 03:03:25] EDIT gmev/views/relatorio/1008.html: -43
[2024-03-14 03:03:54] EDIT gmev/views/relatorio/1008.html: 43
[2024-03-14 03:04:26] EDIT gmev/views/relatorio/1008.html: 1
[2024-03-14 03:04:39] EDIT gmev/views/relatorio/1008.html: 2
[2024-03-14 03:05:42] EDIT gmev/models/funcoes_relatorio.py: 2
[2024-03-14 03:05:45] EDIT gmev/models/funcoes_relatorio.py: 0
[2024-03-14 03:05:59] EDIT gmev/models/funcoes_relatorio.py: 0
[2024-03-14 03:06:18] EDIT gmev/views/relatorio/1008.html: 0
[2024-03-14 03:06:24] EDIT gmev/views/relatorio/1008.html: 0
[2024-03-14 03:06:36] EDIT gmev/views/relatorio/1008.html: 35
[2024-03-14 03:06:59] EDIT gmev/views/relatorio/1008.html: 0
[2024-03-14 03:32:20] EDIT gmev/models/validadores_registro.py: 0
[2024-03-14 03:34:21] EDIT gmev/models/validadores_registro.py: 0
[2024-03-14 03:34:37] EDIT gmev/models/db2.py: 0
[2024-03-14 03:35:35] EDIT gmev/models/db2.py: 0
[2024-03-14 03:39:57] EDIT gmev/models/db2.py: 0
[2024-03-14 03:40:40] EDIT gmev/models/db2.py: 0
[2024-03-14 03:40:50] EDIT gmev/models/db2.py: 0
[2024-03-14 03:41:05] EDIT gmev/models/db2.py: 0
[2024-03-14 03:41:13] EDIT gmev/models/db2.py: 0
[2024-03-14 03:44:24] EDIT gmev/views/acs_registro_atividade/gestao_risco.html: 0
[2024-03-14 03:47:26] EDIT gmev/views/layout.html: 0
[2024-03-14 04:02:21] EDIT gmev/views/relatorio/1002.html: 0
[2024-03-14 04:02:58] EDIT gmev/views/relatorio/1002.html: 0
[2024-03-14 04:03:20] EDIT gmev/views/relatorio/1002.html: 0
[2024-03-14 04:03:53] EDIT gmev/views/relatorio/1002.html: 0
[2024-03-14 04:07:49] EDIT gmev/views/generic.html: 1
[2024-03-14 04:09:04] EDIT gmev/views/generic.html: 0
[2024-03-14 04:14:28] EDIT gmev/views/relatorio/1005.html: 0
[2024-03-14 04:15:19] EDIT gmev/views/relatorio/1005.html: 0
[2024-03-14 04:15:47] EDIT gmev/views/relatorio/1005.html: 0
[2024-03-14 04:16:06] EDIT gmev/views/relatorio/1005.html: 0
[2024-03-14 04:17:59] EDIT gmev/views/relatorio/1006.html: 0
[2024-03-14 04:22:41] EDIT gmev/views/relatorio/1008.html: 1
[2024-03-14 04:24:04] EDIT gmev/models/funcoes_relatorio.py: 0
[2024-03-14 04:25:13] EDIT gmev/views/relatorio/1008.html: 4
[2024-03-14 04:26:07] EDIT gmev/views/relatorio/1008.html: 0
[2024-03-14 04:26:35] EDIT gmev/views/relatorio/1008.html: 0
[2024-03-14 04:26:41] EDIT gmev/views/relatorio/1008.html: 0
[2024-03-14 04:26:42] EDIT gmev/views/relatorio/1008.html: -1
[2024-03-14 04:27:15] EDIT gmev/views/relatorio/1008.html: 0
[2024-03-14 04:28:14] EDIT gmev/views/relatorio/1008.html: 8
[2024-03-14 04:28:39] EDIT gmev/views/relatorio/1008.html: 0
[2024-03-14 04:28:42] EDIT gmev/views/relatorio/1008.html: 0
[2024-03-14 04:28:49] EDIT gmev/views/relatorio/1008.html: 0
[2024-03-14 04:29:23] EDIT gmev/views/relatorio/1008.html: 8
[2024-03-14 04:30:36] EDIT gmev/views/relatorio/1008.html: 45
[2024-03-14 04:31:08] EDIT gmev/views/relatorio/1008.html: 0
[2024-03-14 04:31:43] EDIT gmev/views/relatorio/1008.html: 0
[2024-03-14 04:32:57] EDIT gmev/views/relatorio/1008.html: 0
[2024-03-14 04:33:22] EDIT gmev/views/relatorio/1008.html: 0
[2024-03-14 04:34:07] EDIT gmev/views/relatorio/1008.html: 1
[2024-03-14 04:35:18] EDIT gmev/views/relatorio/1008.html: 0
[2024-03-14 04:35:28] EDIT gmev/views/relatorio/1008.html: 0
[2024-03-14 04:35:38] EDIT gmev/views/relatorio/1008.html: 0
[2024-03-14 04:37:27] EDIT gmev/views/relatorio/1001.html: 0
[2024-03-14 04:38:13] EDIT gmev/views/relatorio/1001.html: -4
[2024-03-14 04:39:14] EDIT gmev/views/relatorio/1001.html: 4
[2024-03-14 04:40:12] EDIT gmev/views/relatorio/1008.html: 9
[2024-03-14 04:40:51] EDIT gmev/views/relatorio/1008.html: 0
[2024-03-14 04:41:19] EDIT gmev/views/relatorio/1008.html: 0
[2024-03-14 04:41:39] EDIT gmev/views/relatorio/1008.html: 0
[2024-03-14 04:42:12] EDIT gmev/views/relatorio/1001.html: 0
[2024-03-14 04:43:41] EDIT gmev/views/relatorio/1001.html: 0
[2024-03-14 04:44:50] EDIT gmev/views/relatorio/1008.html: 0
[2024-03-14 04:44:59] EDIT gmev/views/relatorio/1008.html: 0
[2024-03-14 04:45:11] EDIT gmev/views/relatorio/1008.html: -1
[2024-03-14 04:45:34] EDIT gmev/views/relatorio/1001.html: -1
[2024-03-14 04:45:56] EDIT gmev/views/relatorio/1001.html: 0
[2024-03-14 04:58:05] EDIT gmev/views/acs_controle_acesso/analista_empresa.html: 0
[2024-03-14 04:58:58] EDIT gmev/controllers/acs_controle_acesso.py: 1
[2024-03-14 04:59:26] EDIT gmev/controllers/acs_controle_acesso.py: 0
[2024-03-14 04:59:55] EDIT gmev/controllers/acs_controle_acesso.py: 2
[2024-03-14 05:00:14] CREATE acs_controle_acesso/aguardando_desenvolvimento.html: 0
[2024-03-14 05:01:02] EDIT gmev/views/acs_controle_acesso/aguardando_desenvolvimento.html: 3
[2024-03-14 05:13:50] EDIT gmev/models/db.py: 0
[2024-03-15 02:50:49] EDIT gmev/controllers/acs_controle_acesso.py: 1
[2024-03-15 02:50:59] EDIT gmev/views/acs_controle_acesso/aguardando_desenvolvimento.html: -4
[2024-03-15 02:51:43] EDIT gmev/controllers/acs_controle_acesso.py: 0
[2024-03-15 02:52:19] EDIT gmev/controllers/acs_controle_acesso.py: -1
[2024-03-15 02:52:31] EDIT gmev/controllers/acs_controle_acesso.py: 0
[2024-03-15 02:53:56] EDIT gmev/views/acs_controle_acesso/analista_empresa.html: 0
[2024-03-15 02:54:11] EDIT gmev/views/acs_controle_acesso/analista_empresa.html: 0
[2024-03-15 02:54:26] EDIT gmev/controllers/acs_controle_acesso.py: 1
[2024-03-15 02:54:43] EDIT gmev/controllers/acs_controle_acesso.py: 0
[2024-03-15 02:55:00] CREATE acs_usuarios_cliente.py: 0
